{"/Users/kim/Google Drive/Hack Reactor/3. Juniors/Repos/project-catwalk/client/src/App.jsx": {"path":"/Users/kim/Google Drive/Hack Reactor/3. Juniors/Repos/project-catwalk/client/src/App.jsx","statementMap":{"0":{"start":{"line":10,"column":12},"end":{"line":19,"column":1}},"1":{"start":{"line":11,"column":2},"end":{"line":18,"column":16}}},"fnMap":{"0":{"name":"(anonymous_0)","decl":{"start":{"line":10,"column":12},"end":{"line":10,"column":13}},"loc":{"start":{"line":11,"column":2},"end":{"line":18,"column":16}},"line":11}},"branchMap":{},"s":{"0":0,"1":0},"f":{"0":0},"b":{}}
,"/Users/kim/Google Drive/Hack Reactor/3. Juniors/Repos/project-catwalk/client/src/index.js": {"path":"/Users/kim/Google Drive/Hack Reactor/3. Juniors/Repos/project-catwalk/client/src/index.js","statementMap":{"0":{"start":{"line":7,"column":0},"end":{"line":7,"column":57}}},"fnMap":{},"branchMap":{},"s":{"0":0},"f":{},"b":{}}
,"/Users/kim/Google Drive/Hack Reactor/3. Juniors/Repos/project-catwalk/client/src/api/requests.js": {"path":"/Users/kim/Google Drive/Hack Reactor/3. Juniors/Repos/project-catwalk/client/src/api/requests.js","statementMap":{"0":{"start":{"line":4,"column":19},"end":{"line":18,"column":1}},"1":{"start":{"line":5,"column":2},"end":{"line":17,"column":7}},"2":{"start":{"line":11,"column":6},"end":{"line":11,"column":42}},"3":{"start":{"line":12,"column":6},"end":{"line":12,"column":33}},"4":{"start":{"line":13,"column":6},"end":{"line":13,"column":30}},"5":{"start":{"line":16,"column":6},"end":{"line":16,"column":44}},"6":{"start":{"line":20,"column":19},"end":{"line":34,"column":1}},"7":{"start":{"line":21,"column":2},"end":{"line":21,"column":65}},"8":{"start":{"line":22,"column":2},"end":{"line":33,"column":7}},"9":{"start":{"line":28,"column":6},"end":{"line":28,"column":42}},"10":{"start":{"line":29,"column":6},"end":{"line":29,"column":33}},"11":{"start":{"line":32,"column":6},"end":{"line":32,"column":44}},"12":{"start":{"line":37,"column":20},"end":{"line":51,"column":1}},"13":{"start":{"line":38,"column":2},"end":{"line":50,"column":7}},"14":{"start":{"line":45,"column":6},"end":{"line":45,"column":42}},"15":{"start":{"line":46,"column":6},"end":{"line":46,"column":33}},"16":{"start":{"line":49,"column":6},"end":{"line":49,"column":44}}},"fnMap":{"0":{"name":"(anonymous_0)","decl":{"start":{"line":4,"column":19},"end":{"line":4,"column":20}},"loc":{"start":{"line":4,"column":43},"end":{"line":18,"column":1}},"line":4},"1":{"name":"(anonymous_1)","decl":{"start":{"line":10,"column":10},"end":{"line":10,"column":11}},"loc":{"start":{"line":10,"column":24},"end":{"line":14,"column":5}},"line":10},"2":{"name":"(anonymous_2)","decl":{"start":{"line":15,"column":11},"end":{"line":15,"column":12}},"loc":{"start":{"line":15,"column":20},"end":{"line":17,"column":5}},"line":15},"3":{"name":"(anonymous_3)","decl":{"start":{"line":20,"column":19},"end":{"line":20,"column":20}},"loc":{"start":{"line":20,"column":33},"end":{"line":34,"column":1}},"line":20},"4":{"name":"(anonymous_4)","decl":{"start":{"line":27,"column":10},"end":{"line":27,"column":11}},"loc":{"start":{"line":27,"column":24},"end":{"line":30,"column":5}},"line":27},"5":{"name":"(anonymous_5)","decl":{"start":{"line":31,"column":11},"end":{"line":31,"column":12}},"loc":{"start":{"line":31,"column":20},"end":{"line":33,"column":5}},"line":31},"6":{"name":"(anonymous_6)","decl":{"start":{"line":37,"column":20},"end":{"line":37,"column":21}},"loc":{"start":{"line":37,"column":34},"end":{"line":51,"column":1}},"line":37},"7":{"name":"(anonymous_7)","decl":{"start":{"line":44,"column":10},"end":{"line":44,"column":11}},"loc":{"start":{"line":44,"column":24},"end":{"line":47,"column":5}},"line":44},"8":{"name":"(anonymous_8)","decl":{"start":{"line":48,"column":11},"end":{"line":48,"column":12}},"loc":{"start":{"line":48,"column":20},"end":{"line":50,"column":5}},"line":48}},"branchMap":{},"s":{"0":0,"1":0,"2":0,"3":0,"4":0,"5":0,"6":0,"7":0,"8":0,"9":0,"10":0,"11":0,"12":0,"13":0,"14":0,"15":0,"16":0},"f":{"0":0,"1":0,"2":0,"3":0,"4":0,"5":0,"6":0,"7":0,"8":0},"b":{}}
,"/Users/kim/Google Drive/Hack Reactor/3. Juniors/Repos/project-catwalk/client/src/components/API.jsx": {"path":"/Users/kim/Google Drive/Hack Reactor/3. Juniors/Repos/project-catwalk/client/src/components/API.jsx","statementMap":{"0":{"start":{"line":9,"column":12},"end":{"line":38,"column":1}},"1":{"start":{"line":10,"column":46},"end":{"line":10,"column":56}},"2":{"start":{"line":11,"column":44},"end":{"line":11,"column":54}},"3":{"start":{"line":13,"column":30},"end":{"line":13,"column":52}},"4":{"start":{"line":15,"column":2},"end":{"line":18,"column":9}},"5":{"start":{"line":16,"column":4},"end":{"line":16,"column":48}},"6":{"start":{"line":17,"column":4},"end":{"line":17,"column":52}},"7":{"start":{"line":20,"column":2},"end":{"line":37,"column":4}}},"fnMap":{"0":{"name":"(anonymous_0)","decl":{"start":{"line":9,"column":12},"end":{"line":9,"column":13}},"loc":{"start":{"line":9,"column":18},"end":{"line":38,"column":1}},"line":9},"1":{"name":"(anonymous_1)","decl":{"start":{"line":15,"column":12},"end":{"line":15,"column":13}},"loc":{"start":{"line":15,"column":18},"end":{"line":18,"column":3}},"line":15}},"branchMap":{},"s":{"0":0,"1":0,"2":0,"3":0,"4":0,"5":0,"6":0,"7":0},"f":{"0":0,"1":0},"b":{}}
,"/Users/kim/Google Drive/Hack Reactor/3. Juniors/Repos/project-catwalk/client/src/components/Stars.jsx": {"path":"/Users/kim/Google Drive/Hack Reactor/3. Juniors/Repos/project-catwalk/client/src/components/Stars.jsx","statementMap":{"0":{"start":{"line":7,"column":14},"end":{"line":34,"column":1}},"1":{"start":{"line":8,"column":40},"end":{"line":8,"column":50}},"2":{"start":{"line":10,"column":41},"end":{"line":10,"column":63}},"3":{"start":{"line":12,"column":29},"end":{"line":15,"column":3}},"4":{"start":{"line":13,"column":18},"end":{"line":13,"column":49}},"5":{"start":{"line":14,"column":4},"end":{"line":14,"column":26}},"6":{"start":{"line":17,"column":2},"end":{"line":19,"column":18}},"7":{"start":{"line":18,"column":4},"end":{"line":18,"column":52}},"8":{"start":{"line":21,"column":2},"end":{"line":33,"column":4}}},"fnMap":{"0":{"name":"(anonymous_0)","decl":{"start":{"line":7,"column":14},"end":{"line":7,"column":15}},"loc":{"start":{"line":7,"column":20},"end":{"line":34,"column":1}},"line":7},"1":{"name":"(anonymous_1)","decl":{"start":{"line":12,"column":29},"end":{"line":12,"column":30}},"loc":{"start":{"line":12,"column":43},"end":{"line":15,"column":3}},"line":12},"2":{"name":"(anonymous_2)","decl":{"start":{"line":17,"column":12},"end":{"line":17,"column":13}},"loc":{"start":{"line":17,"column":18},"end":{"line":19,"column":3}},"line":17}},"branchMap":{},"s":{"0":0,"1":0,"2":0,"3":0,"4":0,"5":0,"6":0,"7":0,"8":0},"f":{"0":0,"1":0,"2":0},"b":{}}
,"/Users/kim/Google Drive/Hack Reactor/3. Juniors/Repos/project-catwalk/client/src/components/product/Product.jsx": {"path":"/Users/kim/Google Drive/Hack Reactor/3. Juniors/Repos/project-catwalk/client/src/components/product/Product.jsx","statementMap":{"0":{"start":{"line":11,"column":16},"end":{"line":31,"column":1}},"1":{"start":{"line":12,"column":54},"end":{"line":12,"column":64}},"2":{"start":{"line":13,"column":50},"end":{"line":13,"column":60}},"3":{"start":{"line":14,"column":30},"end":{"line":14,"column":52}},"4":{"start":{"line":16,"column":2},"end":{"line":19,"column":8}},"5":{"start":{"line":17,"column":4},"end":{"line":17,"column":55}},"6":{"start":{"line":18,"column":4},"end":{"line":18,"column":52}},"7":{"start":{"line":21,"column":2},"end":{"line":30,"column":4}}},"fnMap":{"0":{"name":"(anonymous_0)","decl":{"start":{"line":11,"column":16},"end":{"line":11,"column":17}},"loc":{"start":{"line":11,"column":22},"end":{"line":31,"column":1}},"line":11},"1":{"name":"(anonymous_1)","decl":{"start":{"line":16,"column":12},"end":{"line":16,"column":13}},"loc":{"start":{"line":16,"column":18},"end":{"line":19,"column":3}},"line":16}},"branchMap":{},"s":{"0":0,"1":0,"2":0,"3":0,"4":0,"5":0,"6":0,"7":0},"f":{"0":0,"1":0},"b":{}}
,"/Users/kim/Google Drive/Hack Reactor/3. Juniors/Repos/project-catwalk/client/src/components/product/productCart.jsx": {"path":"/Users/kim/Google Drive/Hack Reactor/3. Juniors/Repos/project-catwalk/client/src/components/product/productCart.jsx","statementMap":{"0":{"start":{"line":3,"column":20},"end":{"line":14,"column":1}},"1":{"start":{"line":4,"column":15},"end":{"line":4,"column":19}},"2":{"start":{"line":6,"column":2},"end":{"line":13,"column":4}}},"fnMap":{"0":{"name":"(anonymous_0)","decl":{"start":{"line":3,"column":20},"end":{"line":3,"column":21}},"loc":{"start":{"line":3,"column":31},"end":{"line":14,"column":1}},"line":3}},"branchMap":{},"s":{"0":0,"1":0,"2":0},"f":{"0":0},"b":{}}
,"/Users/kim/Google Drive/Hack Reactor/3. Juniors/Repos/project-catwalk/client/src/components/product/productDescription.jsx": {"path":"/Users/kim/Google Drive/Hack Reactor/3. Juniors/Repos/project-catwalk/client/src/components/product/productDescription.jsx","statementMap":{"0":{"start":{"line":3,"column":27},"end":{"line":10,"column":1}},"1":{"start":{"line":5,"column":2},"end":{"line":8,"column":4}}},"fnMap":{"0":{"name":"(anonymous_0)","decl":{"start":{"line":3,"column":27},"end":{"line":3,"column":28}},"loc":{"start":{"line":3,"column":38},"end":{"line":10,"column":1}},"line":3}},"branchMap":{},"s":{"0":0,"1":0},"f":{"0":0},"b":{}}
,"/Users/kim/Google Drive/Hack Reactor/3. Juniors/Repos/project-catwalk/client/src/components/product/productGallery.jsx": {"path":"/Users/kim/Google Drive/Hack Reactor/3. Juniors/Repos/project-catwalk/client/src/components/product/productGallery.jsx","statementMap":{"0":{"start":{"line":3,"column":23},"end":{"line":8,"column":1}},"1":{"start":{"line":5,"column":2},"end":{"line":7,"column":4}}},"fnMap":{"0":{"name":"(anonymous_0)","decl":{"start":{"line":3,"column":23},"end":{"line":3,"column":24}},"loc":{"start":{"line":3,"column":34},"end":{"line":8,"column":1}},"line":3}},"branchMap":{},"s":{"0":0,"1":0},"f":{"0":0},"b":{}}
,"/Users/kim/Google Drive/Hack Reactor/3. Juniors/Repos/project-catwalk/client/src/components/product/productName.jsx": {"path":"/Users/kim/Google Drive/Hack Reactor/3. Juniors/Repos/project-catwalk/client/src/components/product/productName.jsx","statementMap":{"0":{"start":{"line":3,"column":20},"end":{"line":12,"column":1}},"1":{"start":{"line":4,"column":15},"end":{"line":4,"column":19}},"2":{"start":{"line":6,"column":2},"end":{"line":11,"column":4}}},"fnMap":{"0":{"name":"(anonymous_0)","decl":{"start":{"line":3,"column":20},"end":{"line":3,"column":21}},"loc":{"start":{"line":3,"column":31},"end":{"line":12,"column":1}},"line":3}},"branchMap":{},"s":{"0":0,"1":0,"2":0},"f":{"0":0},"b":{}}
,"/Users/kim/Google Drive/Hack Reactor/3. Juniors/Repos/project-catwalk/client/src/components/product/productStars.jsx": {"path":"/Users/kim/Google Drive/Hack Reactor/3. Juniors/Repos/project-catwalk/client/src/components/product/productStars.jsx","statementMap":{"0":{"start":{"line":3,"column":21},"end":{"line":11,"column":1}},"1":{"start":{"line":4,"column":15},"end":{"line":4,"column":19}},"2":{"start":{"line":6,"column":2},"end":{"line":10,"column":4}}},"fnMap":{"0":{"name":"(anonymous_0)","decl":{"start":{"line":3,"column":21},"end":{"line":3,"column":22}},"loc":{"start":{"line":3,"column":32},"end":{"line":11,"column":1}},"line":3}},"branchMap":{},"s":{"0":0,"1":0,"2":0},"f":{"0":0},"b":{}}
,"/Users/kim/Google Drive/Hack Reactor/3. Juniors/Repos/project-catwalk/client/src/components/product/productStyles.jsx": {"path":"/Users/kim/Google Drive/Hack Reactor/3. Juniors/Repos/project-catwalk/client/src/components/product/productStyles.jsx","statementMap":{"0":{"start":{"line":3,"column":22},"end":{"line":37,"column":1}},"1":{"start":{"line":4,"column":15},"end":{"line":4,"column":19}},"2":{"start":{"line":6,"column":19},"end":{"line":6,"column":23}},"3":{"start":{"line":7,"column":21},"end":{"line":9,"column":3}},"4":{"start":{"line":11,"column":2},"end":{"line":36,"column":4}}},"fnMap":{"0":{"name":"(anonymous_0)","decl":{"start":{"line":3,"column":22},"end":{"line":3,"column":23}},"loc":{"start":{"line":3,"column":33},"end":{"line":37,"column":1}},"line":3}},"branchMap":{},"s":{"0":0,"1":0,"2":0,"3":0,"4":0},"f":{"0":0},"b":{}}
,"/Users/kim/Google Drive/Hack Reactor/3. Juniors/Repos/project-catwalk/client/src/components/question/AskQuestionForm.jsx": {"path":"/Users/kim/Google Drive/Hack Reactor/3. Juniors/Repos/project-catwalk/client/src/components/question/AskQuestionForm.jsx","statementMap":{"0":{"start":{"line":3,"column":24},"end":{"line":58,"column":1}},"1":{"start":{"line":4,"column":22},"end":{"line":4,"column":35}},"2":{"start":{"line":8,"column":2},"end":{"line":57,"column":4}}},"fnMap":{"0":{"name":"(anonymous_0)","decl":{"start":{"line":3,"column":24},"end":{"line":3,"column":25}},"loc":{"start":{"line":3,"column":30},"end":{"line":58,"column":1}},"line":3}},"branchMap":{},"s":{"0":0,"1":0,"2":0},"f":{"0":0},"b":{}}
,"/Users/kim/Google Drive/Hack Reactor/3. Juniors/Repos/project-catwalk/client/src/components/question/Question.jsx": {"path":"/Users/kim/Google Drive/Hack Reactor/3. Juniors/Repos/project-catwalk/client/src/components/question/Question.jsx","statementMap":{"0":{"start":{"line":8,"column":18},"end":{"line":28,"column":1}},"1":{"start":{"line":30,"column":17},"end":{"line":58,"column":1}},"2":{"start":{"line":31,"column":30},"end":{"line":31,"column":52}},"3":{"start":{"line":33,"column":44},"end":{"line":33,"column":63}},"4":{"start":{"line":35,"column":2},"end":{"line":37,"column":9}},"5":{"start":{"line":36,"column":4},"end":{"line":36,"column":52}},"6":{"start":{"line":39,"column":2},"end":{"line":57,"column":4}}},"fnMap":{"0":{"name":"(anonymous_0)","decl":{"start":{"line":30,"column":17},"end":{"line":30,"column":18}},"loc":{"start":{"line":30,"column":23},"end":{"line":58,"column":1}},"line":30},"1":{"name":"(anonymous_1)","decl":{"start":{"line":35,"column":12},"end":{"line":35,"column":13}},"loc":{"start":{"line":35,"column":18},"end":{"line":37,"column":3}},"line":35}},"branchMap":{},"s":{"0":0,"1":0,"2":0,"3":0,"4":0,"5":0,"6":0},"f":{"0":0,"1":0},"b":{}}
,"/Users/kim/Google Drive/Hack Reactor/3. Juniors/Repos/project-catwalk/client/src/components/question/SearchForm.jsx": {"path":"/Users/kim/Google Drive/Hack Reactor/3. Juniors/Repos/project-catwalk/client/src/components/question/SearchForm.jsx","statementMap":{"0":{"start":{"line":3,"column":19},"end":{"line":26,"column":1}},"1":{"start":{"line":4,"column":2},"end":{"line":25,"column":8}}},"fnMap":{"0":{"name":"(anonymous_0)","decl":{"start":{"line":3,"column":19},"end":{"line":3,"column":20}},"loc":{"start":{"line":4,"column":2},"end":{"line":25,"column":8}},"line":4}},"branchMap":{},"s":{"0":0,"1":0},"f":{"0":0},"b":{}}
,"/Users/kim/Google Drive/Hack Reactor/3. Juniors/Repos/project-catwalk/client/src/components/question/QAList/AnswerList.jsx": {"path":"/Users/kim/Google Drive/Hack Reactor/3. Juniors/Repos/project-catwalk/client/src/components/question/QAList/AnswerList.jsx","statementMap":{},"fnMap":{},"branchMap":{},"s":{},"f":{},"b":{}}
,"/Users/kim/Google Drive/Hack Reactor/3. Juniors/Repos/project-catwalk/client/src/components/question/QAList/PhotoUpload.jsx": {"path":"/Users/kim/Google Drive/Hack Reactor/3. Juniors/Repos/project-catwalk/client/src/components/question/QAList/PhotoUpload.jsx","statementMap":{},"fnMap":{},"branchMap":{},"s":{},"f":{},"b":{}}
,"/Users/kim/Google Drive/Hack Reactor/3. Juniors/Repos/project-catwalk/client/src/components/question/QAList/QAList.jsx": {"path":"/Users/kim/Google Drive/Hack Reactor/3. Juniors/Repos/project-catwalk/client/src/components/question/QAList/QAList.jsx","statementMap":{"0":{"start":{"line":4,"column":15},"end":{"line":39,"column":1}},"1":{"start":{"line":5,"column":28},"end":{"line":5,"column":39}},"2":{"start":{"line":6,"column":17},"end":{"line":6,"column":45}},"3":{"start":{"line":8,"column":2},"end":{"line":8,"column":36}},"4":{"start":{"line":10,"column":29},"end":{"line":18,"column":3}},"5":{"start":{"line":11,"column":4},"end":{"line":17,"column":5}},"6":{"start":{"line":12,"column":6},"end":{"line":12,"column":18}},"7":{"start":{"line":13,"column":6},"end":{"line":13,"column":46}},"8":{"start":{"line":14,"column":11},"end":{"line":17,"column":5}},"9":{"start":{"line":15,"column":6},"end":{"line":15,"column":36}},"10":{"start":{"line":16,"column":6},"end":{"line":16,"column":30}},"11":{"start":{"line":20,"column":2},"end":{"line":38,"column":4}},"12":{"start":{"line":24,"column":10},"end":{"line":27,"column":15}}},"fnMap":{"0":{"name":"(anonymous_0)","decl":{"start":{"line":4,"column":15},"end":{"line":4,"column":16}},"loc":{"start":{"line":4,"column":26},"end":{"line":39,"column":1}},"line":4},"1":{"name":"(anonymous_1)","decl":{"start":{"line":10,"column":29},"end":{"line":10,"column":30}},"loc":{"start":{"line":10,"column":35},"end":{"line":18,"column":3}},"line":10},"2":{"name":"(anonymous_2)","decl":{"start":{"line":23,"column":22},"end":{"line":23,"column":23}},"loc":{"start":{"line":24,"column":10},"end":{"line":27,"column":15}},"line":24}},"branchMap":{"0":{"loc":{"start":{"line":11,"column":4},"end":{"line":17,"column":5}},"type":"if","locations":[{"start":{"line":11,"column":4},"end":{"line":17,"column":5}},{"start":{"line":11,"column":4},"end":{"line":17,"column":5}}],"line":11},"1":{"loc":{"start":{"line":14,"column":11},"end":{"line":17,"column":5}},"type":"if","locations":[{"start":{"line":14,"column":11},"end":{"line":17,"column":5}},{"start":{"line":14,"column":11},"end":{"line":17,"column":5}}],"line":14}},"s":{"0":0,"1":0,"2":0,"3":0,"4":0,"5":0,"6":0,"7":0,"8":0,"9":0,"10":0,"11":0,"12":0},"f":{"0":0,"1":0,"2":0},"b":{"0":[0,0],"1":[0,0]}}
,"/Users/kim/Google Drive/Hack Reactor/3. Juniors/Repos/project-catwalk/client/src/components/question/QAList/QAListItem.jsx": {"path":"/Users/kim/Google Drive/Hack Reactor/3. Juniors/Repos/project-catwalk/client/src/components/question/QAList/QAListItem.jsx","statementMap":{},"fnMap":{},"branchMap":{},"s":{},"f":{},"b":{}}
,"/Users/kim/Google Drive/Hack Reactor/3. Juniors/Repos/project-catwalk/client/src/components/related/Related.jsx": {"path":"/Users/kim/Google Drive/Hack Reactor/3. Juniors/Repos/project-catwalk/client/src/components/related/Related.jsx","statementMap":{"0":{"start":{"line":8,"column":16},"end":{"line":32,"column":1}},"1":{"start":{"line":9,"column":52},"end":{"line":9,"column":64}},"2":{"start":{"line":11,"column":30},"end":{"line":11,"column":52}},"3":{"start":{"line":13,"column":2},"end":{"line":15,"column":9}},"4":{"start":{"line":14,"column":4},"end":{"line":14,"column":58}},"5":{"start":{"line":17,"column":2},"end":{"line":17,"column":57}},"6":{"start":{"line":19,"column":2},"end":{"line":31,"column":4}}},"fnMap":{"0":{"name":"(anonymous_0)","decl":{"start":{"line":8,"column":16},"end":{"line":8,"column":17}},"loc":{"start":{"line":8,"column":22},"end":{"line":32,"column":1}},"line":8},"1":{"name":"(anonymous_1)","decl":{"start":{"line":13,"column":12},"end":{"line":13,"column":13}},"loc":{"start":{"line":13,"column":18},"end":{"line":15,"column":3}},"line":13}},"branchMap":{},"s":{"0":0,"1":0,"2":0,"3":0,"4":0,"5":0,"6":0},"f":{"0":0,"1":0},"b":{}}
,"/Users/kim/Google Drive/Hack Reactor/3. Juniors/Repos/project-catwalk/client/src/components/related/relatedProductsList.jsx": {"path":"/Users/kim/Google Drive/Hack Reactor/3. Juniors/Repos/project-catwalk/client/src/components/related/relatedProductsList.jsx","statementMap":{"0":{"start":{"line":3,"column":28},"end":{"line":7,"column":1}},"1":{"start":{"line":4,"column":2},"end":{"line":6,"column":8}}},"fnMap":{"0":{"name":"(anonymous_0)","decl":{"start":{"line":3,"column":28},"end":{"line":3,"column":29}},"loc":{"start":{"line":4,"column":2},"end":{"line":6,"column":8}},"line":4}},"branchMap":{},"s":{"0":0,"1":0},"f":{"0":0},"b":{}}
,"/Users/kim/Google Drive/Hack Reactor/3. Juniors/Repos/project-catwalk/client/src/components/related/yourOutFitList.jsx": {"path":"/Users/kim/Google Drive/Hack Reactor/3. Juniors/Repos/project-catwalk/client/src/components/related/yourOutFitList.jsx","statementMap":{"0":{"start":{"line":3,"column":23},"end":{"line":7,"column":1}},"1":{"start":{"line":4,"column":2},"end":{"line":6,"column":8}}},"fnMap":{"0":{"name":"(anonymous_0)","decl":{"start":{"line":3,"column":23},"end":{"line":3,"column":24}},"loc":{"start":{"line":4,"column":2},"end":{"line":6,"column":8}},"line":4}},"branchMap":{},"s":{"0":0,"1":0},"f":{"0":0},"b":{}}
,"/Users/kim/Google Drive/Hack Reactor/3. Juniors/Repos/project-catwalk/client/src/components/review/Reviews.jsx": {"path":"/Users/kim/Google Drive/Hack Reactor/3. Juniors/Repos/project-catwalk/client/src/components/review/Reviews.jsx","statementMap":{"0":{"start":{"line":8,"column":20},"end":{"line":20,"column":1}},"1":{"start":{"line":22,"column":27},"end":{"line":88,"column":1}},"2":{"start":{"line":90,"column":16},"end":{"line":123,"column":1}},"3":{"start":{"line":91,"column":54},"end":{"line":91,"column":82}},"4":{"start":{"line":92,"column":48},"end":{"line":92,"column":69}},"5":{"start":{"line":93,"column":44},"end":{"line":93,"column":71}},"6":{"start":{"line":95,"column":30},"end":{"line":95,"column":52}},"7":{"start":{"line":97,"column":2},"end":{"line":100,"column":9}},"8":{"start":{"line":98,"column":4},"end":{"line":98,"column":51}},"9":{"start":{"line":99,"column":4},"end":{"line":99,"column":52}},"10":{"start":{"line":102,"column":2},"end":{"line":122,"column":4}}},"fnMap":{"0":{"name":"(anonymous_0)","decl":{"start":{"line":90,"column":16},"end":{"line":90,"column":17}},"loc":{"start":{"line":90,"column":22},"end":{"line":123,"column":1}},"line":90},"1":{"name":"(anonymous_1)","decl":{"start":{"line":97,"column":12},"end":{"line":97,"column":13}},"loc":{"start":{"line":97,"column":18},"end":{"line":100,"column":3}},"line":97}},"branchMap":{},"s":{"0":0,"1":0,"2":0,"3":0,"4":0,"5":0,"6":0,"7":0,"8":0,"9":0,"10":0},"f":{"0":0,"1":0},"b":{}}
,"/Users/kim/Google Drive/Hack Reactor/3. Juniors/Repos/project-catwalk/client/src/components/review/ReviewsBreakdown.jsx": {"path":"/Users/kim/Google Drive/Hack Reactor/3. Juniors/Repos/project-catwalk/client/src/components/review/ReviewsBreakdown.jsx","statementMap":{"0":{"start":{"line":13,"column":25},"end":{"line":23,"column":1}},"1":{"start":{"line":14,"column":2},"end":{"line":22,"column":8}}},"fnMap":{"0":{"name":"(anonymous_0)","decl":{"start":{"line":13,"column":25},"end":{"line":13,"column":26}},"loc":{"start":{"line":14,"column":2},"end":{"line":22,"column":8}},"line":14}},"branchMap":{},"s":{"0":0,"1":0},"f":{"0":0},"b":{}}
,"/Users/kim/Google Drive/Hack Reactor/3. Juniors/Repos/project-catwalk/client/src/components/review/ReviewsChars.jsx": {"path":"/Users/kim/Google Drive/Hack Reactor/3. Juniors/Repos/project-catwalk/client/src/components/review/ReviewsChars.jsx","statementMap":{"0":{"start":{"line":13,"column":21},"end":{"line":22,"column":1}},"1":{"start":{"line":14,"column":2},"end":{"line":21,"column":8}}},"fnMap":{"0":{"name":"(anonymous_0)","decl":{"start":{"line":13,"column":21},"end":{"line":13,"column":22}},"loc":{"start":{"line":14,"column":2},"end":{"line":21,"column":8}},"line":14}},"branchMap":{"0":{"loc":{"start":{"line":15,"column":5},"end":{"line":15,"column":87}},"type":"binary-expr","locations":[{"start":{"line":15,"column":5},"end":{"line":15,"column":40}},{"start":{"line":15,"column":45},"end":{"line":15,"column":86}}],"line":15},"1":{"loc":{"start":{"line":16,"column":5},"end":{"line":16,"column":93}},"type":"binary-expr","locations":[{"start":{"line":16,"column":5},"end":{"line":16,"column":43}},{"start":{"line":16,"column":48},"end":{"line":16,"column":92}}],"line":16},"2":{"loc":{"start":{"line":17,"column":5},"end":{"line":17,"column":89}},"type":"binary-expr","locations":[{"start":{"line":17,"column":5},"end":{"line":17,"column":41}},{"start":{"line":17,"column":46},"end":{"line":17,"column":88}}],"line":17},"3":{"loc":{"start":{"line":18,"column":5},"end":{"line":18,"column":93}},"type":"binary-expr","locations":[{"start":{"line":18,"column":5},"end":{"line":18,"column":43}},{"start":{"line":18,"column":48},"end":{"line":18,"column":92}}],"line":18},"4":{"loc":{"start":{"line":19,"column":5},"end":{"line":19,"column":91}},"type":"binary-expr","locations":[{"start":{"line":19,"column":5},"end":{"line":19,"column":42}},{"start":{"line":19,"column":47},"end":{"line":19,"column":90}}],"line":19},"5":{"loc":{"start":{"line":20,"column":5},"end":{"line":20,"column":85}},"type":"binary-expr","locations":[{"start":{"line":20,"column":5},"end":{"line":20,"column":39}},{"start":{"line":20,"column":44},"end":{"line":20,"column":84}}],"line":20}},"s":{"0":0,"1":0},"f":{"0":0},"b":{"0":[0,0],"1":[0,0],"2":[0,0],"3":[0,0],"4":[0,0],"5":[0,0]}}
,"/Users/kim/Google Drive/Hack Reactor/3. Juniors/Repos/project-catwalk/client/src/components/review/ReviewsComfort.jsx": {"path":"/Users/kim/Google Drive/Hack Reactor/3. Juniors/Repos/project-catwalk/client/src/components/review/ReviewsComfort.jsx","statementMap":{"0":{"start":{"line":6,"column":23},"end":{"line":49,"column":1}},"1":{"start":{"line":7,"column":23},"end":{"line":7,"column":86}},"2":{"start":{"line":9,"column":2},"end":{"line":48,"column":4}}},"fnMap":{"0":{"name":"(anonymous_0)","decl":{"start":{"line":6,"column":23},"end":{"line":6,"column":24}},"loc":{"start":{"line":6,"column":34},"end":{"line":49,"column":1}},"line":6}},"branchMap":{"0":{"loc":{"start":{"line":12,"column":7},"end":{"line":16,"column":7}},"type":"binary-expr","locations":[{"start":{"line":12,"column":7},"end":{"line":12,"column":25}},{"start":{"line":13,"column":6},"end":{"line":15,"column":12}}],"line":12},"1":{"loc":{"start":{"line":17,"column":7},"end":{"line":21,"column":7}},"type":"binary-expr","locations":[{"start":{"line":17,"column":7},"end":{"line":17,"column":26}},{"start":{"line":17,"column":30},"end":{"line":17,"column":48}},{"start":{"line":18,"column":6},"end":{"line":20,"column":12}}],"line":17},"2":{"loc":{"start":{"line":22,"column":7},"end":{"line":26,"column":7}},"type":"binary-expr","locations":[{"start":{"line":22,"column":7},"end":{"line":22,"column":26}},{"start":{"line":22,"column":30},"end":{"line":22,"column":48}},{"start":{"line":23,"column":6},"end":{"line":25,"column":12}}],"line":22},"3":{"loc":{"start":{"line":27,"column":7},"end":{"line":31,"column":7}},"type":"binary-expr","locations":[{"start":{"line":27,"column":7},"end":{"line":27,"column":26}},{"start":{"line":27,"column":30},"end":{"line":27,"column":48}},{"start":{"line":28,"column":6},"end":{"line":30,"column":12}}],"line":27},"4":{"loc":{"start":{"line":32,"column":7},"end":{"line":36,"column":7}},"type":"binary-expr","locations":[{"start":{"line":32,"column":7},"end":{"line":32,"column":26}},{"start":{"line":33,"column":6},"end":{"line":35,"column":12}}],"line":32}},"s":{"0":0,"1":0,"2":0},"f":{"0":0},"b":{"0":[0,0],"1":[0,0,0],"2":[0,0,0],"3":[0,0,0],"4":[0,0]}}
,"/Users/kim/Google Drive/Hack Reactor/3. Juniors/Repos/project-catwalk/client/src/components/review/ReviewsFilter.jsx": {"path":"/Users/kim/Google Drive/Hack Reactor/3. Juniors/Repos/project-catwalk/client/src/components/review/ReviewsFilter.jsx","statementMap":{"0":{"start":{"line":11,"column":22},"end":{"line":94,"column":1}},"1":{"start":{"line":12,"column":21},"end":{"line":17,"column":3}},"2":{"start":{"line":13,"column":18},"end":{"line":13,"column":39}},"3":{"start":{"line":14,"column":19},"end":{"line":14,"column":44}},"4":{"start":{"line":16,"column":4},"end":{"line":16,"column":47}},"5":{"start":{"line":19,"column":22},"end":{"line":19,"column":59}},"6":{"start":{"line":20,"column":22},"end":{"line":20,"column":59}},"7":{"start":{"line":21,"column":22},"end":{"line":21,"column":59}},"8":{"start":{"line":22,"column":22},"end":{"line":22,"column":59}},"9":{"start":{"line":23,"column":22},"end":{"line":23,"column":59}},"10":{"start":{"line":25,"column":29},"end":{"line":58,"column":3}},"11":{"start":{"line":26,"column":15},"end":{"line":26,"column":23}},"12":{"start":{"line":27,"column":4},"end":{"line":57,"column":5}},"13":{"start":{"line":28,"column":6},"end":{"line":32,"column":7}},"14":{"start":{"line":29,"column":8},"end":{"line":29,"column":43}},"15":{"start":{"line":31,"column":8},"end":{"line":31,"column":39}},"16":{"start":{"line":33,"column":11},"end":{"line":57,"column":5}},"17":{"start":{"line":34,"column":6},"end":{"line":38,"column":7}},"18":{"start":{"line":35,"column":8},"end":{"line":35,"column":43}},"19":{"start":{"line":37,"column":8},"end":{"line":37,"column":39}},"20":{"start":{"line":39,"column":11},"end":{"line":57,"column":5}},"21":{"start":{"line":40,"column":6},"end":{"line":44,"column":7}},"22":{"start":{"line":41,"column":8},"end":{"line":41,"column":43}},"23":{"start":{"line":43,"column":8},"end":{"line":43,"column":39}},"24":{"start":{"line":45,"column":11},"end":{"line":57,"column":5}},"25":{"start":{"line":46,"column":6},"end":{"line":50,"column":7}},"26":{"start":{"line":47,"column":8},"end":{"line":47,"column":43}},"27":{"start":{"line":49,"column":8},"end":{"line":49,"column":39}},"28":{"start":{"line":51,"column":11},"end":{"line":57,"column":5}},"29":{"start":{"line":52,"column":6},"end":{"line":56,"column":7}},"30":{"start":{"line":53,"column":8},"end":{"line":53,"column":43}},"31":{"start":{"line":55,"column":8},"end":{"line":55,"column":39}},"32":{"start":{"line":60,"column":2},"end":{"line":93,"column":4}}},"fnMap":{"0":{"name":"(anonymous_0)","decl":{"start":{"line":11,"column":22},"end":{"line":11,"column":23}},"loc":{"start":{"line":11,"column":33},"end":{"line":94,"column":1}},"line":11},"1":{"name":"(anonymous_1)","decl":{"start":{"line":12,"column":21},"end":{"line":12,"column":22}},"loc":{"start":{"line":12,"column":36},"end":{"line":17,"column":3}},"line":12},"2":{"name":"(anonymous_2)","decl":{"start":{"line":25,"column":29},"end":{"line":25,"column":30}},"loc":{"start":{"line":25,"column":36},"end":{"line":58,"column":3}},"line":25}},"branchMap":{"0":{"loc":{"start":{"line":27,"column":4},"end":{"line":57,"column":5}},"type":"if","locations":[{"start":{"line":27,"column":4},"end":{"line":57,"column":5}},{"start":{"line":27,"column":4},"end":{"line":57,"column":5}}],"line":27},"1":{"loc":{"start":{"line":28,"column":6},"end":{"line":32,"column":7}},"type":"if","locations":[{"start":{"line":28,"column":6},"end":{"line":32,"column":7}},{"start":{"line":28,"column":6},"end":{"line":32,"column":7}}],"line":28},"2":{"loc":{"start":{"line":33,"column":11},"end":{"line":57,"column":5}},"type":"if","locations":[{"start":{"line":33,"column":11},"end":{"line":57,"column":5}},{"start":{"line":33,"column":11},"end":{"line":57,"column":5}}],"line":33},"3":{"loc":{"start":{"line":34,"column":6},"end":{"line":38,"column":7}},"type":"if","locations":[{"start":{"line":34,"column":6},"end":{"line":38,"column":7}},{"start":{"line":34,"column":6},"end":{"line":38,"column":7}}],"line":34},"4":{"loc":{"start":{"line":39,"column":11},"end":{"line":57,"column":5}},"type":"if","locations":[{"start":{"line":39,"column":11},"end":{"line":57,"column":5}},{"start":{"line":39,"column":11},"end":{"line":57,"column":5}}],"line":39},"5":{"loc":{"start":{"line":40,"column":6},"end":{"line":44,"column":7}},"type":"if","locations":[{"start":{"line":40,"column":6},"end":{"line":44,"column":7}},{"start":{"line":40,"column":6},"end":{"line":44,"column":7}}],"line":40},"6":{"loc":{"start":{"line":45,"column":11},"end":{"line":57,"column":5}},"type":"if","locations":[{"start":{"line":45,"column":11},"end":{"line":57,"column":5}},{"start":{"line":45,"column":11},"end":{"line":57,"column":5}}],"line":45},"7":{"loc":{"start":{"line":46,"column":6},"end":{"line":50,"column":7}},"type":"if","locations":[{"start":{"line":46,"column":6},"end":{"line":50,"column":7}},{"start":{"line":46,"column":6},"end":{"line":50,"column":7}}],"line":46},"8":{"loc":{"start":{"line":51,"column":11},"end":{"line":57,"column":5}},"type":"if","locations":[{"start":{"line":51,"column":11},"end":{"line":57,"column":5}},{"start":{"line":51,"column":11},"end":{"line":57,"column":5}}],"line":51},"9":{"loc":{"start":{"line":52,"column":6},"end":{"line":56,"column":7}},"type":"if","locations":[{"start":{"line":52,"column":6},"end":{"line":56,"column":7}},{"start":{"line":52,"column":6},"end":{"line":56,"column":7}}],"line":52}},"s":{"0":0,"1":0,"2":0,"3":0,"4":0,"5":0,"6":0,"7":0,"8":0,"9":0,"10":0,"11":0,"12":0,"13":0,"14":0,"15":0,"16":0,"17":0,"18":0,"19":0,"20":0,"21":0,"22":0,"23":0,"24":0,"25":0,"26":0,"27":0,"28":0,"29":0,"30":0,"31":0,"32":0},"f":{"0":0,"1":0,"2":0},"b":{"0":[0,0],"1":[0,0],"2":[0,0],"3":[0,0],"4":[0,0],"5":[0,0],"6":[0,0],"7":[0,0],"8":[0,0],"9":[0,0]}}
,"/Users/kim/Google Drive/Hack Reactor/3. Juniors/Repos/project-catwalk/client/src/components/review/ReviewsFit.jsx": {"path":"/Users/kim/Google Drive/Hack Reactor/3. Juniors/Repos/project-catwalk/client/src/components/review/ReviewsFit.jsx","statementMap":{"0":{"start":{"line":6,"column":19},"end":{"line":49,"column":1}},"1":{"start":{"line":7,"column":19},"end":{"line":7,"column":78}},"2":{"start":{"line":9,"column":2},"end":{"line":48,"column":4}}},"fnMap":{"0":{"name":"(anonymous_0)","decl":{"start":{"line":6,"column":19},"end":{"line":6,"column":20}},"loc":{"start":{"line":6,"column":30},"end":{"line":49,"column":1}},"line":6}},"branchMap":{"0":{"loc":{"start":{"line":12,"column":7},"end":{"line":16,"column":7}},"type":"binary-expr","locations":[{"start":{"line":12,"column":7},"end":{"line":12,"column":21}},{"start":{"line":13,"column":6},"end":{"line":15,"column":12}}],"line":12},"1":{"loc":{"start":{"line":17,"column":7},"end":{"line":21,"column":7}},"type":"binary-expr","locations":[{"start":{"line":17,"column":7},"end":{"line":17,"column":22}},{"start":{"line":17,"column":26},"end":{"line":17,"column":40}},{"start":{"line":18,"column":6},"end":{"line":20,"column":12}}],"line":17},"2":{"loc":{"start":{"line":22,"column":7},"end":{"line":26,"column":7}},"type":"binary-expr","locations":[{"start":{"line":22,"column":7},"end":{"line":22,"column":22}},{"start":{"line":22,"column":26},"end":{"line":22,"column":40}},{"start":{"line":23,"column":6},"end":{"line":25,"column":12}}],"line":22},"3":{"loc":{"start":{"line":27,"column":7},"end":{"line":31,"column":7}},"type":"binary-expr","locations":[{"start":{"line":27,"column":7},"end":{"line":27,"column":22}},{"start":{"line":27,"column":26},"end":{"line":27,"column":40}},{"start":{"line":28,"column":6},"end":{"line":30,"column":12}}],"line":27},"4":{"loc":{"start":{"line":32,"column":7},"end":{"line":36,"column":7}},"type":"binary-expr","locations":[{"start":{"line":32,"column":7},"end":{"line":32,"column":22}},{"start":{"line":33,"column":6},"end":{"line":35,"column":12}}],"line":32}},"s":{"0":0,"1":0,"2":0},"f":{"0":0},"b":{"0":[0,0],"1":[0,0,0],"2":[0,0,0],"3":[0,0,0],"4":[0,0]}}
,"/Users/kim/Google Drive/Hack Reactor/3. Juniors/Repos/project-catwalk/client/src/components/review/ReviewsForm.jsx": {"path":"/Users/kim/Google Drive/Hack Reactor/3. Juniors/Repos/project-catwalk/client/src/components/review/ReviewsForm.jsx","statementMap":{"0":{"start":{"line":4,"column":20},"end":{"line":6,"column":1}},"1":{"start":{"line":5,"column":2},"end":{"line":5,"column":9}}},"fnMap":{"0":{"name":"(anonymous_0)","decl":{"start":{"line":4,"column":20},"end":{"line":4,"column":21}},"loc":{"start":{"line":5,"column":2},"end":{"line":5,"column":9}},"line":5}},"branchMap":{},"s":{"0":0,"1":0},"f":{"0":0},"b":{}}
,"/Users/kim/Google Drive/Hack Reactor/3. Juniors/Repos/project-catwalk/client/src/components/review/ReviewsItem.jsx": {"path":"/Users/kim/Google Drive/Hack Reactor/3. Juniors/Repos/project-catwalk/client/src/components/review/ReviewsItem.jsx","statementMap":{"0":{"start":{"line":13,"column":19},"end":{"line":26,"column":1}},"1":{"start":{"line":14,"column":18},"end":{"line":14,"column":20}},"2":{"start":{"line":15,"column":15},"end":{"line":15,"column":37}},"3":{"start":{"line":16,"column":16},"end":{"line":16,"column":38}},"4":{"start":{"line":17,"column":14},"end":{"line":17,"column":37}},"5":{"start":{"line":19,"column":21},"end":{"line":19,"column":143}},"6":{"start":{"line":20,"column":22},"end":{"line":20,"column":35}},"7":{"start":{"line":21,"column":22},"end":{"line":21,"column":49}},"8":{"start":{"line":23,"column":2},"end":{"line":23,"column":66}},"9":{"start":{"line":25,"column":2},"end":{"line":25,"column":19}},"10":{"start":{"line":28,"column":20},"end":{"line":83,"column":1}},"11":{"start":{"line":29,"column":30},"end":{"line":29,"column":52}},"12":{"start":{"line":31,"column":25},"end":{"line":34,"column":3}},"13":{"start":{"line":32,"column":4},"end":{"line":32,"column":72}},"14":{"start":{"line":33,"column":4},"end":{"line":33,"column":41}},"15":{"start":{"line":36,"column":26},"end":{"line":39,"column":3}},"16":{"start":{"line":37,"column":4},"end":{"line":37,"column":71}},"17":{"start":{"line":38,"column":4},"end":{"line":38,"column":40}},"18":{"start":{"line":41,"column":2},"end":{"line":82,"column":4}}},"fnMap":{"0":{"name":"(anonymous_0)","decl":{"start":{"line":13,"column":19},"end":{"line":13,"column":20}},"loc":{"start":{"line":13,"column":31},"end":{"line":26,"column":1}},"line":13},"1":{"name":"(anonymous_1)","decl":{"start":{"line":28,"column":20},"end":{"line":28,"column":21}},"loc":{"start":{"line":28,"column":31},"end":{"line":83,"column":1}},"line":28},"2":{"name":"(anonymous_2)","decl":{"start":{"line":31,"column":25},"end":{"line":31,"column":26}},"loc":{"start":{"line":31,"column":31},"end":{"line":34,"column":3}},"line":31},"3":{"name":"(anonymous_3)","decl":{"start":{"line":36,"column":26},"end":{"line":36,"column":27}},"loc":{"start":{"line":36,"column":32},"end":{"line":39,"column":3}},"line":36}},"branchMap":{"0":{"loc":{"start":{"line":54,"column":7},"end":{"line":60,"column":7}},"type":"binary-expr","locations":[{"start":{"line":54,"column":7},"end":{"line":54,"column":29}},{"start":{"line":56,"column":6},"end":{"line":59,"column":12}}],"line":54},"1":{"loc":{"start":{"line":61,"column":7},"end":{"line":67,"column":7}},"type":"binary-expr","locations":[{"start":{"line":61,"column":7},"end":{"line":61,"column":28}},{"start":{"line":63,"column":6},"end":{"line":66,"column":12}}],"line":61}},"s":{"0":0,"1":0,"2":0,"3":0,"4":0,"5":0,"6":0,"7":0,"8":0,"9":0,"10":0,"11":0,"12":0,"13":0,"14":0,"15":0,"16":0,"17":0,"18":0},"f":{"0":0,"1":0,"2":0,"3":0},"b":{"0":[0,0],"1":[0,0]}}
,"/Users/kim/Google Drive/Hack Reactor/3. Juniors/Repos/project-catwalk/client/src/components/review/ReviewsLength.jsx": {"path":"/Users/kim/Google Drive/Hack Reactor/3. Juniors/Repos/project-catwalk/client/src/components/review/ReviewsLength.jsx","statementMap":{"0":{"start":{"line":6,"column":22},"end":{"line":49,"column":1}},"1":{"start":{"line":7,"column":22},"end":{"line":7,"column":84}},"2":{"start":{"line":9,"column":2},"end":{"line":48,"column":4}}},"fnMap":{"0":{"name":"(anonymous_0)","decl":{"start":{"line":6,"column":22},"end":{"line":6,"column":23}},"loc":{"start":{"line":6,"column":33},"end":{"line":49,"column":1}},"line":6}},"branchMap":{"0":{"loc":{"start":{"line":12,"column":7},"end":{"line":16,"column":7}},"type":"binary-expr","locations":[{"start":{"line":12,"column":7},"end":{"line":12,"column":24}},{"start":{"line":13,"column":6},"end":{"line":15,"column":12}}],"line":12},"1":{"loc":{"start":{"line":17,"column":7},"end":{"line":21,"column":7}},"type":"binary-expr","locations":[{"start":{"line":17,"column":7},"end":{"line":17,"column":25}},{"start":{"line":17,"column":29},"end":{"line":17,"column":46}},{"start":{"line":18,"column":6},"end":{"line":20,"column":12}}],"line":17},"2":{"loc":{"start":{"line":22,"column":7},"end":{"line":26,"column":7}},"type":"binary-expr","locations":[{"start":{"line":22,"column":7},"end":{"line":22,"column":25}},{"start":{"line":22,"column":29},"end":{"line":22,"column":46}},{"start":{"line":23,"column":6},"end":{"line":25,"column":12}}],"line":22},"3":{"loc":{"start":{"line":27,"column":7},"end":{"line":31,"column":7}},"type":"binary-expr","locations":[{"start":{"line":27,"column":7},"end":{"line":27,"column":25}},{"start":{"line":27,"column":29},"end":{"line":27,"column":46}},{"start":{"line":28,"column":6},"end":{"line":30,"column":12}}],"line":27},"4":{"loc":{"start":{"line":32,"column":7},"end":{"line":36,"column":7}},"type":"binary-expr","locations":[{"start":{"line":32,"column":7},"end":{"line":32,"column":25}},{"start":{"line":33,"column":6},"end":{"line":35,"column":12}}],"line":32}},"s":{"0":0,"1":0,"2":0},"f":{"0":0},"b":{"0":[0,0],"1":[0,0,0],"2":[0,0,0],"3":[0,0,0],"4":[0,0]}}
,"/Users/kim/Google Drive/Hack Reactor/3. Juniors/Repos/project-catwalk/client/src/components/review/ReviewsList.jsx": {"path":"/Users/kim/Google Drive/Hack Reactor/3. Juniors/Repos/project-catwalk/client/src/components/review/ReviewsList.jsx","statementMap":{"0":{"start":{"line":11,"column":20},"end":{"line":62,"column":1}},"1":{"start":{"line":12,"column":44},"end":{"line":12,"column":98}},"2":{"start":{"line":13,"column":28},"end":{"line":13,"column":39}},"3":{"start":{"line":14,"column":34},"end":{"line":14,"column":116}},"4":{"start":{"line":14,"column":95},"end":{"line":14,"column":114}},"5":{"start":{"line":15,"column":34},"end":{"line":15,"column":116}},"6":{"start":{"line":15,"column":95},"end":{"line":15,"column":114}},"7":{"start":{"line":16,"column":34},"end":{"line":16,"column":116}},"8":{"start":{"line":16,"column":95},"end":{"line":16,"column":114}},"9":{"start":{"line":17,"column":34},"end":{"line":17,"column":116}},"10":{"start":{"line":17,"column":95},"end":{"line":17,"column":114}},"11":{"start":{"line":18,"column":34},"end":{"line":18,"column":116}},"12":{"start":{"line":18,"column":95},"end":{"line":18,"column":114}},"13":{"start":{"line":20,"column":17},"end":{"line":24,"column":3}},"14":{"start":{"line":21,"column":20},"end":{"line":21,"column":68}},"15":{"start":{"line":22,"column":4},"end":{"line":22,"column":30}},"16":{"start":{"line":23,"column":4},"end":{"line":23,"column":24}},"17":{"start":{"line":26,"column":2},"end":{"line":61,"column":4}},"18":{"start":{"line":31,"column":10},"end":{"line":31,"column":64}},"19":{"start":{"line":34,"column":10},"end":{"line":34,"column":64}},"20":{"start":{"line":37,"column":10},"end":{"line":37,"column":64}},"21":{"start":{"line":40,"column":10},"end":{"line":40,"column":64}},"22":{"start":{"line":43,"column":10},"end":{"line":43,"column":64}},"23":{"start":{"line":46,"column":10},"end":{"line":46,"column":64}}},"fnMap":{"0":{"name":"(anonymous_0)","decl":{"start":{"line":11,"column":20},"end":{"line":11,"column":21}},"loc":{"start":{"line":11,"column":31},"end":{"line":62,"column":1}},"line":11},"1":{"name":"(anonymous_1)","decl":{"start":{"line":14,"column":83},"end":{"line":14,"column":84}},"loc":{"start":{"line":14,"column":95},"end":{"line":14,"column":114}},"line":14},"2":{"name":"(anonymous_2)","decl":{"start":{"line":15,"column":83},"end":{"line":15,"column":84}},"loc":{"start":{"line":15,"column":95},"end":{"line":15,"column":114}},"line":15},"3":{"name":"(anonymous_3)","decl":{"start":{"line":16,"column":83},"end":{"line":16,"column":84}},"loc":{"start":{"line":16,"column":95},"end":{"line":16,"column":114}},"line":16},"4":{"name":"(anonymous_4)","decl":{"start":{"line":17,"column":83},"end":{"line":17,"column":84}},"loc":{"start":{"line":17,"column":95},"end":{"line":17,"column":114}},"line":17},"5":{"name":"(anonymous_5)","decl":{"start":{"line":18,"column":83},"end":{"line":18,"column":84}},"loc":{"start":{"line":18,"column":95},"end":{"line":18,"column":114}},"line":18},"6":{"name":"(anonymous_6)","decl":{"start":{"line":20,"column":17},"end":{"line":20,"column":18}},"loc":{"start":{"line":20,"column":23},"end":{"line":24,"column":3}},"line":20},"7":{"name":"(anonymous_7)","decl":{"start":{"line":30,"column":60},"end":{"line":30,"column":61}},"loc":{"start":{"line":31,"column":10},"end":{"line":31,"column":64}},"line":31},"8":{"name":"(anonymous_8)","decl":{"start":{"line":33,"column":51},"end":{"line":33,"column":52}},"loc":{"start":{"line":34,"column":10},"end":{"line":34,"column":64}},"line":34},"9":{"name":"(anonymous_9)","decl":{"start":{"line":36,"column":51},"end":{"line":36,"column":52}},"loc":{"start":{"line":37,"column":10},"end":{"line":37,"column":64}},"line":37},"10":{"name":"(anonymous_10)","decl":{"start":{"line":39,"column":51},"end":{"line":39,"column":52}},"loc":{"start":{"line":40,"column":10},"end":{"line":40,"column":64}},"line":40},"11":{"name":"(anonymous_11)","decl":{"start":{"line":42,"column":51},"end":{"line":42,"column":52}},"loc":{"start":{"line":43,"column":10},"end":{"line":43,"column":64}},"line":43},"12":{"name":"(anonymous_12)","decl":{"start":{"line":45,"column":51},"end":{"line":45,"column":52}},"loc":{"start":{"line":46,"column":10},"end":{"line":46,"column":64}},"line":46}},"branchMap":{"0":{"loc":{"start":{"line":30,"column":9},"end":{"line":32,"column":10}},"type":"binary-expr","locations":[{"start":{"line":30,"column":9},"end":{"line":30,"column":38}},{"start":{"line":30,"column":42},"end":{"line":32,"column":10}}],"line":30},"1":{"loc":{"start":{"line":33,"column":9},"end":{"line":35,"column":10}},"type":"binary-expr","locations":[{"start":{"line":33,"column":9},"end":{"line":33,"column":34}},{"start":{"line":33,"column":38},"end":{"line":35,"column":10}}],"line":33},"2":{"loc":{"start":{"line":36,"column":9},"end":{"line":38,"column":10}},"type":"binary-expr","locations":[{"start":{"line":36,"column":9},"end":{"line":36,"column":34}},{"start":{"line":36,"column":38},"end":{"line":38,"column":10}}],"line":36},"3":{"loc":{"start":{"line":39,"column":9},"end":{"line":41,"column":10}},"type":"binary-expr","locations":[{"start":{"line":39,"column":9},"end":{"line":39,"column":34}},{"start":{"line":39,"column":38},"end":{"line":41,"column":10}}],"line":39},"4":{"loc":{"start":{"line":42,"column":9},"end":{"line":44,"column":10}},"type":"binary-expr","locations":[{"start":{"line":42,"column":9},"end":{"line":42,"column":34}},{"start":{"line":42,"column":38},"end":{"line":44,"column":10}}],"line":42},"5":{"loc":{"start":{"line":45,"column":9},"end":{"line":47,"column":10}},"type":"binary-expr","locations":[{"start":{"line":45,"column":9},"end":{"line":45,"column":34}},{"start":{"line":45,"column":38},"end":{"line":47,"column":10}}],"line":45},"6":{"loc":{"start":{"line":50,"column":9},"end":{"line":54,"column":11}},"type":"binary-expr","locations":[{"start":{"line":50,"column":9},"end":{"line":50,"column":52}},{"start":{"line":51,"column":11},"end":{"line":51,"column":75}},{"start":{"line":53,"column":10},"end":{"line":53,"column":91}}],"line":50}},"s":{"0":0,"1":0,"2":0,"3":0,"4":0,"5":0,"6":0,"7":0,"8":0,"9":0,"10":0,"11":0,"12":0,"13":0,"14":0,"15":0,"16":0,"17":0,"18":0,"19":0,"20":0,"21":0,"22":0,"23":0},"f":{"0":0,"1":0,"2":0,"3":0,"4":0,"5":0,"6":0,"7":0,"8":0,"9":0,"10":0,"11":0,"12":0},"b":{"0":[0,0],"1":[0,0],"2":[0,0],"3":[0,0],"4":[0,0],"5":[0,0],"6":[0,0,0]}}
,"/Users/kim/Google Drive/Hack Reactor/3. Juniors/Repos/project-catwalk/client/src/components/review/ReviewsQuality.jsx": {"path":"/Users/kim/Google Drive/Hack Reactor/3. Juniors/Repos/project-catwalk/client/src/components/review/ReviewsQuality.jsx","statementMap":{"0":{"start":{"line":6,"column":23},"end":{"line":49,"column":1}},"1":{"start":{"line":7,"column":23},"end":{"line":7,"column":86}},"2":{"start":{"line":9,"column":2},"end":{"line":48,"column":4}}},"fnMap":{"0":{"name":"(anonymous_0)","decl":{"start":{"line":6,"column":23},"end":{"line":6,"column":24}},"loc":{"start":{"line":6,"column":34},"end":{"line":49,"column":1}},"line":6}},"branchMap":{"0":{"loc":{"start":{"line":12,"column":7},"end":{"line":16,"column":7}},"type":"binary-expr","locations":[{"start":{"line":12,"column":7},"end":{"line":12,"column":25}},{"start":{"line":13,"column":6},"end":{"line":15,"column":12}}],"line":12},"1":{"loc":{"start":{"line":17,"column":7},"end":{"line":21,"column":7}},"type":"binary-expr","locations":[{"start":{"line":17,"column":7},"end":{"line":17,"column":26}},{"start":{"line":17,"column":30},"end":{"line":17,"column":48}},{"start":{"line":18,"column":6},"end":{"line":20,"column":12}}],"line":17},"2":{"loc":{"start":{"line":22,"column":7},"end":{"line":26,"column":7}},"type":"binary-expr","locations":[{"start":{"line":22,"column":7},"end":{"line":22,"column":26}},{"start":{"line":22,"column":30},"end":{"line":22,"column":48}},{"start":{"line":23,"column":6},"end":{"line":25,"column":12}}],"line":22},"3":{"loc":{"start":{"line":27,"column":7},"end":{"line":31,"column":7}},"type":"binary-expr","locations":[{"start":{"line":27,"column":7},"end":{"line":27,"column":26}},{"start":{"line":27,"column":30},"end":{"line":27,"column":48}},{"start":{"line":28,"column":6},"end":{"line":30,"column":12}}],"line":27},"4":{"loc":{"start":{"line":32,"column":7},"end":{"line":36,"column":7}},"type":"binary-expr","locations":[{"start":{"line":32,"column":7},"end":{"line":32,"column":26}},{"start":{"line":33,"column":6},"end":{"line":35,"column":12}}],"line":32}},"s":{"0":0,"1":0,"2":0},"f":{"0":0},"b":{"0":[0,0],"1":[0,0,0],"2":[0,0,0],"3":[0,0,0],"4":[0,0]}}
,"/Users/kim/Google Drive/Hack Reactor/3. Juniors/Repos/project-catwalk/client/src/components/review/ReviewsSize.jsx": {"path":"/Users/kim/Google Drive/Hack Reactor/3. Juniors/Repos/project-catwalk/client/src/components/review/ReviewsSize.jsx","statementMap":{"0":{"start":{"line":6,"column":20},"end":{"line":49,"column":1}},"1":{"start":{"line":7,"column":20},"end":{"line":7,"column":80}},"2":{"start":{"line":9,"column":2},"end":{"line":48,"column":4}}},"fnMap":{"0":{"name":"(anonymous_0)","decl":{"start":{"line":6,"column":20},"end":{"line":6,"column":21}},"loc":{"start":{"line":6,"column":31},"end":{"line":49,"column":1}},"line":6}},"branchMap":{"0":{"loc":{"start":{"line":12,"column":7},"end":{"line":16,"column":7}},"type":"binary-expr","locations":[{"start":{"line":12,"column":7},"end":{"line":12,"column":22}},{"start":{"line":13,"column":6},"end":{"line":15,"column":12}}],"line":12},"1":{"loc":{"start":{"line":17,"column":7},"end":{"line":21,"column":7}},"type":"binary-expr","locations":[{"start":{"line":17,"column":7},"end":{"line":17,"column":23}},{"start":{"line":17,"column":27},"end":{"line":17,"column":42}},{"start":{"line":18,"column":6},"end":{"line":20,"column":12}}],"line":17},"2":{"loc":{"start":{"line":22,"column":7},"end":{"line":26,"column":7}},"type":"binary-expr","locations":[{"start":{"line":22,"column":7},"end":{"line":22,"column":23}},{"start":{"line":22,"column":27},"end":{"line":22,"column":42}},{"start":{"line":23,"column":6},"end":{"line":25,"column":12}}],"line":22},"3":{"loc":{"start":{"line":27,"column":7},"end":{"line":31,"column":7}},"type":"binary-expr","locations":[{"start":{"line":27,"column":7},"end":{"line":27,"column":23}},{"start":{"line":27,"column":27},"end":{"line":27,"column":42}},{"start":{"line":28,"column":6},"end":{"line":30,"column":12}}],"line":27},"4":{"loc":{"start":{"line":32,"column":7},"end":{"line":36,"column":7}},"type":"binary-expr","locations":[{"start":{"line":32,"column":7},"end":{"line":32,"column":23}},{"start":{"line":33,"column":6},"end":{"line":35,"column":12}}],"line":32}},"s":{"0":0,"1":0,"2":0},"f":{"0":0},"b":{"0":[0,0],"1":[0,0,0],"2":[0,0,0],"3":[0,0,0],"4":[0,0]}}
,"/Users/kim/Google Drive/Hack Reactor/3. Juniors/Repos/project-catwalk/client/src/components/review/ReviewsSort.jsx": {"path":"/Users/kim/Google Drive/Hack Reactor/3. Juniors/Repos/project-catwalk/client/src/components/review/ReviewsSort.jsx","statementMap":{"0":{"start":{"line":8,"column":20},"end":{"line":16,"column":1}},"1":{"start":{"line":9,"column":2},"end":{"line":15,"column":8}}},"fnMap":{"0":{"name":"(anonymous_0)","decl":{"start":{"line":8,"column":20},"end":{"line":8,"column":21}},"loc":{"start":{"line":9,"column":2},"end":{"line":15,"column":8}},"line":9}},"branchMap":{},"s":{"0":0,"1":0},"f":{"0":0},"b":{}}
,"/Users/kim/Google Drive/Hack Reactor/3. Juniors/Repos/project-catwalk/client/src/components/review/ReviewsStars.jsx": {"path":"/Users/kim/Google Drive/Hack Reactor/3. Juniors/Repos/project-catwalk/client/src/components/review/ReviewsStars.jsx","statementMap":{"0":{"start":{"line":6,"column":21},"end":{"line":18,"column":1}},"1":{"start":{"line":7,"column":2},"end":{"line":17,"column":12}}},"fnMap":{"0":{"name":"(anonymous_0)","decl":{"start":{"line":6,"column":21},"end":{"line":6,"column":22}},"loc":{"start":{"line":7,"column":2},"end":{"line":17,"column":12}},"line":7}},"branchMap":{},"s":{"0":0,"1":0},"f":{"0":0},"b":{}}
,"/Users/kim/Google Drive/Hack Reactor/3. Juniors/Repos/project-catwalk/client/src/components/review/ReviewsSummary.jsx": {"path":"/Users/kim/Google Drive/Hack Reactor/3. Juniors/Repos/project-catwalk/client/src/components/review/ReviewsSummary.jsx","statementMap":{"0":{"start":{"line":9,"column":22},"end":{"line":19,"column":1}},"1":{"start":{"line":10,"column":13},"end":{"line":10,"column":47}},"2":{"start":{"line":11,"column":14},"end":{"line":11,"column":47}},"3":{"start":{"line":13,"column":16},"end":{"line":13,"column":24}},"4":{"start":{"line":15,"column":16},"end":{"line":15,"column":51}},"5":{"start":{"line":16,"column":2},"end":{"line":16,"column":45}},"6":{"start":{"line":18,"column":2},"end":{"line":18,"column":17}},"7":{"start":{"line":21,"column":23},"end":{"line":35,"column":1}},"8":{"start":{"line":22,"column":2},"end":{"line":34,"column":8}}},"fnMap":{"0":{"name":"(anonymous_0)","decl":{"start":{"line":9,"column":22},"end":{"line":9,"column":23}},"loc":{"start":{"line":9,"column":36},"end":{"line":19,"column":1}},"line":9},"1":{"name":"(anonymous_1)","decl":{"start":{"line":21,"column":23},"end":{"line":21,"column":24}},"loc":{"start":{"line":22,"column":2},"end":{"line":34,"column":8}},"line":22}},"branchMap":{},"s":{"0":0,"1":0,"2":0,"3":0,"4":0,"5":0,"6":0,"7":0,"8":0},"f":{"0":0,"1":0},"b":{}}
,"/Users/kim/Google Drive/Hack Reactor/3. Juniors/Repos/project-catwalk/client/src/components/review/ReviewsWidth.jsx": {"path":"/Users/kim/Google Drive/Hack Reactor/3. Juniors/Repos/project-catwalk/client/src/components/review/ReviewsWidth.jsx","statementMap":{"0":{"start":{"line":6,"column":21},"end":{"line":49,"column":1}},"1":{"start":{"line":7,"column":21},"end":{"line":7,"column":82}},"2":{"start":{"line":9,"column":2},"end":{"line":48,"column":4}}},"fnMap":{"0":{"name":"(anonymous_0)","decl":{"start":{"line":6,"column":21},"end":{"line":6,"column":22}},"loc":{"start":{"line":6,"column":32},"end":{"line":49,"column":1}},"line":6}},"branchMap":{"0":{"loc":{"start":{"line":12,"column":7},"end":{"line":16,"column":7}},"type":"binary-expr","locations":[{"start":{"line":12,"column":7},"end":{"line":12,"column":23}},{"start":{"line":13,"column":6},"end":{"line":15,"column":12}}],"line":12},"1":{"loc":{"start":{"line":17,"column":7},"end":{"line":21,"column":7}},"type":"binary-expr","locations":[{"start":{"line":17,"column":7},"end":{"line":17,"column":24}},{"start":{"line":17,"column":28},"end":{"line":17,"column":44}},{"start":{"line":18,"column":6},"end":{"line":20,"column":12}}],"line":17},"2":{"loc":{"start":{"line":22,"column":7},"end":{"line":26,"column":7}},"type":"binary-expr","locations":[{"start":{"line":22,"column":7},"end":{"line":22,"column":24}},{"start":{"line":22,"column":28},"end":{"line":22,"column":44}},{"start":{"line":23,"column":6},"end":{"line":25,"column":12}}],"line":22},"3":{"loc":{"start":{"line":27,"column":7},"end":{"line":31,"column":7}},"type":"binary-expr","locations":[{"start":{"line":27,"column":7},"end":{"line":27,"column":24}},{"start":{"line":27,"column":28},"end":{"line":27,"column":44}},{"start":{"line":28,"column":6},"end":{"line":30,"column":12}}],"line":27},"4":{"loc":{"start":{"line":32,"column":7},"end":{"line":36,"column":7}},"type":"binary-expr","locations":[{"start":{"line":32,"column":7},"end":{"line":32,"column":24}},{"start":{"line":33,"column":6},"end":{"line":35,"column":12}}],"line":32}},"s":{"0":0,"1":0,"2":0},"f":{"0":0},"b":{"0":[0,0],"1":[0,0,0],"2":[0,0,0],"3":[0,0,0],"4":[0,0]}}
,"/Users/kim/Google Drive/Hack Reactor/3. Juniors/Repos/project-catwalk/client/src/contexts/api.context.jsx": {"path":"/Users/kim/Google Drive/Hack Reactor/3. Juniors/Repos/project-catwalk/client/src/contexts/api.context.jsx","statementMap":{"0":{"start":{"line":8,"column":26},"end":{"line":8,"column":41}},"1":{"start":{"line":10,"column":27},"end":{"line":117,"column":1}},"2":{"start":{"line":12,"column":26},"end":{"line":12,"column":37}},"3":{"start":{"line":13,"column":28},"end":{"line":13,"column":41}},"4":{"start":{"line":14,"column":26},"end":{"line":14,"column":45}},"5":{"start":{"line":15,"column":36},"end":{"line":15,"column":51}},"6":{"start":{"line":16,"column":40},"end":{"line":16,"column":56}},"7":{"start":{"line":17,"column":34},"end":{"line":17,"column":50}},"8":{"start":{"line":20,"column":23},"end":{"line":20,"column":38}},"9":{"start":{"line":21,"column":24},"end":{"line":21,"column":41}},"10":{"start":{"line":22,"column":23},"end":{"line":22,"column":38}},"11":{"start":{"line":23,"column":28},"end":{"line":23,"column":54}},"12":{"start":{"line":26,"column":14},"end":{"line":56,"column":3}},"13":{"start":{"line":59,"column":21},"end":{"line":73,"column":3}},"14":{"start":{"line":60,"column":4},"end":{"line":72,"column":9}},"15":{"start":{"line":66,"column":8},"end":{"line":66,"column":44}},"16":{"start":{"line":67,"column":8},"end":{"line":67,"column":35}},"17":{"start":{"line":68,"column":8},"end":{"line":68,"column":32}},"18":{"start":{"line":71,"column":8},"end":{"line":71,"column":46}},"19":{"start":{"line":75,"column":21},"end":{"line":89,"column":3}},"20":{"start":{"line":76,"column":4},"end":{"line":76,"column":67}},"21":{"start":{"line":77,"column":4},"end":{"line":88,"column":9}},"22":{"start":{"line":83,"column":8},"end":{"line":83,"column":44}},"23":{"start":{"line":84,"column":8},"end":{"line":84,"column":35}},"24":{"start":{"line":87,"column":8},"end":{"line":87,"column":46}},"25":{"start":{"line":92,"column":22},"end":{"line":107,"column":3}},"26":{"start":{"line":93,"column":4},"end":{"line":106,"column":9}},"27":{"start":{"line":100,"column":8},"end":{"line":100,"column":44}},"28":{"start":{"line":101,"column":8},"end":{"line":101,"column":35}},"29":{"start":{"line":102,"column":8},"end":{"line":102,"column":32}},"30":{"start":{"line":105,"column":8},"end":{"line":105,"column":46}},"31":{"start":{"line":109,"column":2},"end":{"line":116,"column":4}}},"fnMap":{"0":{"name":"(anonymous_0)","decl":{"start":{"line":10,"column":27},"end":{"line":10,"column":28}},"loc":{"start":{"line":10,"column":38},"end":{"line":117,"column":1}},"line":10},"1":{"name":"(anonymous_1)","decl":{"start":{"line":59,"column":21},"end":{"line":59,"column":22}},"loc":{"start":{"line":59,"column":45},"end":{"line":73,"column":3}},"line":59},"2":{"name":"(anonymous_2)","decl":{"start":{"line":65,"column":12},"end":{"line":65,"column":13}},"loc":{"start":{"line":65,"column":26},"end":{"line":69,"column":7}},"line":65},"3":{"name":"(anonymous_3)","decl":{"start":{"line":70,"column":13},"end":{"line":70,"column":14}},"loc":{"start":{"line":70,"column":22},"end":{"line":72,"column":7}},"line":70},"4":{"name":"(anonymous_4)","decl":{"start":{"line":75,"column":21},"end":{"line":75,"column":22}},"loc":{"start":{"line":75,"column":35},"end":{"line":89,"column":3}},"line":75},"5":{"name":"(anonymous_5)","decl":{"start":{"line":82,"column":12},"end":{"line":82,"column":13}},"loc":{"start":{"line":82,"column":26},"end":{"line":85,"column":7}},"line":82},"6":{"name":"(anonymous_6)","decl":{"start":{"line":86,"column":13},"end":{"line":86,"column":14}},"loc":{"start":{"line":86,"column":22},"end":{"line":88,"column":7}},"line":86},"7":{"name":"(anonymous_7)","decl":{"start":{"line":92,"column":22},"end":{"line":92,"column":23}},"loc":{"start":{"line":92,"column":46},"end":{"line":107,"column":3}},"line":92},"8":{"name":"(anonymous_8)","decl":{"start":{"line":99,"column":12},"end":{"line":99,"column":13}},"loc":{"start":{"line":99,"column":26},"end":{"line":103,"column":7}},"line":99},"9":{"name":"(anonymous_9)","decl":{"start":{"line":104,"column":13},"end":{"line":104,"column":14}},"loc":{"start":{"line":104,"column":22},"end":{"line":106,"column":7}},"line":104}},"branchMap":{},"s":{"0":1,"1":1,"2":0,"3":0,"4":0,"5":0,"6":0,"7":0,"8":0,"9":0,"10":0,"11":0,"12":0,"13":0,"14":0,"15":0,"16":0,"17":0,"18":0,"19":0,"20":0,"21":0,"22":0,"23":0,"24":0,"25":0,"26":0,"27":0,"28":0,"29":0,"30":0,"31":0},"f":{"0":0,"1":0,"2":0,"3":0,"4":0,"5":0,"6":0,"7":0,"8":0,"9":0},"b":{},"_coverageSchema":"1a1c01bbd47fc00a2c39e90264f33305004495a9","hash":"4474a4790ee236a76e20b71b28d4e675365a8ad4"}
,"/Users/kim/Google Drive/Hack Reactor/3. Juniors/Repos/project-catwalk/client/src/helpers/getNumOfReviews.js": {"path":"/Users/kim/Google Drive/Hack Reactor/3. Juniors/Repos/project-catwalk/client/src/helpers/getNumOfReviews.js","statementMap":{"0":{"start":{"line":1,"column":24},"end":{"line":10,"column":1}},"1":{"start":{"line":2,"column":21},"end":{"line":2,"column":22}},"2":{"start":{"line":4,"column":17},"end":{"line":4,"column":48}},"3":{"start":{"line":5,"column":2},"end":{"line":7,"column":5}},"4":{"start":{"line":6,"column":4},"end":{"line":6,"column":32}},"5":{"start":{"line":9,"column":2},"end":{"line":9,"column":22}}},"fnMap":{"0":{"name":"(anonymous_0)","decl":{"start":{"line":1,"column":24},"end":{"line":1,"column":25}},"loc":{"start":{"line":1,"column":38},"end":{"line":10,"column":1}},"line":1},"1":{"name":"(anonymous_1)","decl":{"start":{"line":5,"column":17},"end":{"line":5,"column":18}},"loc":{"start":{"line":5,"column":26},"end":{"line":7,"column":3}},"line":5}},"branchMap":{},"s":{"0":0,"1":0,"2":0,"3":0,"4":0,"5":0},"f":{"0":0,"1":0},"b":{}}
,"/Users/kim/Google Drive/Hack Reactor/3. Juniors/Repos/project-catwalk/client/src/helpers/getReviewsAvg.js": {"path":"/Users/kim/Google Drive/Hack Reactor/3. Juniors/Repos/project-catwalk/client/src/helpers/getReviewsAvg.js","statementMap":{"0":{"start":{"line":5,"column":22},"end":{"line":16,"column":1}},"1":{"start":{"line":6,"column":12},"end":{"line":6,"column":13}},"2":{"start":{"line":7,"column":21},"end":{"line":7,"column":22}},"3":{"start":{"line":9,"column":2},"end":{"line":13,"column":3}},"4":{"start":{"line":10,"column":18},"end":{"line":10,"column":47}},"5":{"start":{"line":11,"column":4},"end":{"line":11,"column":23}},"6":{"start":{"line":12,"column":4},"end":{"line":12,"column":26}},"7":{"start":{"line":15,"column":2},"end":{"line":15,"column":58}}},"fnMap":{"0":{"name":"(anonymous_0)","decl":{"start":{"line":5,"column":22},"end":{"line":5,"column":23}},"loc":{"start":{"line":5,"column":36},"end":{"line":16,"column":1}},"line":5}},"branchMap":{},"s":{"0":0,"1":0,"2":0,"3":0,"4":0,"5":0,"6":0,"7":0},"f":{"0":0},"b":{}}
}
