{"/Users/kim/Google Drive/Hack Reactor/3. Juniors/Repos/project-catwalk/client/src/App.jsx": {"path":"/Users/kim/Google Drive/Hack Reactor/3. Juniors/Repos/project-catwalk/client/src/App.jsx","statementMap":{"0":{"start":{"line":8,"column":12},"end":{"line":17,"column":1}},"1":{"start":{"line":9,"column":2},"end":{"line":16,"column":16}}},"fnMap":{"0":{"name":"(anonymous_0)","decl":{"start":{"line":8,"column":12},"end":{"line":8,"column":13}},"loc":{"start":{"line":9,"column":2},"end":{"line":16,"column":16}},"line":9}},"branchMap":{},"s":{"0":1,"1":0},"f":{"0":0},"b":{},"_coverageSchema":"1a1c01bbd47fc00a2c39e90264f33305004495a9","hash":"184a62f71f5e05f60a6303ddf903d244c5b36b20"}
,"/Users/kim/Google Drive/Hack Reactor/3. Juniors/Repos/project-catwalk/client/src/index.js": {"path":"/Users/kim/Google Drive/Hack Reactor/3. Juniors/Repos/project-catwalk/client/src/index.js","statementMap":{"0":{"start":{"line":7,"column":0},"end":{"line":7,"column":57}}},"fnMap":{},"branchMap":{},"s":{"0":0},"f":{},"b":{}}
,"/Users/kim/Google Drive/Hack Reactor/3. Juniors/Repos/project-catwalk/client/src/components/API.jsx": {"path":"/Users/kim/Google Drive/Hack Reactor/3. Juniors/Repos/project-catwalk/client/src/components/API.jsx","statementMap":{"0":{"start":{"line":9,"column":12},"end":{"line":58,"column":1}},"1":{"start":{"line":10,"column":46},"end":{"line":10,"column":56}},"2":{"start":{"line":11,"column":44},"end":{"line":11,"column":54}},"3":{"start":{"line":15,"column":6},"end":{"line":15,"column":28}},"4":{"start":{"line":18,"column":2},"end":{"line":21,"column":18}},"5":{"start":{"line":19,"column":4},"end":{"line":19,"column":48}},"6":{"start":{"line":20,"column":4},"end":{"line":20,"column":52}},"7":{"start":{"line":23,"column":2},"end":{"line":29,"column":23}},"8":{"start":{"line":24,"column":4},"end":{"line":24,"column":60}},"9":{"start":{"line":25,"column":4},"end":{"line":28,"column":5}},"10":{"start":{"line":26,"column":6},"end":{"line":26,"column":60}},"11":{"start":{"line":27,"column":6},"end":{"line":27,"column":42}},"12":{"start":{"line":31,"column":30},"end":{"line":34,"column":3}},"13":{"start":{"line":32,"column":18},"end":{"line":32,"column":31}},"14":{"start":{"line":33,"column":4},"end":{"line":33,"column":24}},"15":{"start":{"line":36,"column":2},"end":{"line":57,"column":4}}},"fnMap":{"0":{"name":"(anonymous_0)","decl":{"start":{"line":9,"column":12},"end":{"line":9,"column":13}},"loc":{"start":{"line":9,"column":18},"end":{"line":58,"column":1}},"line":9},"1":{"name":"(anonymous_1)","decl":{"start":{"line":18,"column":12},"end":{"line":18,"column":13}},"loc":{"start":{"line":18,"column":18},"end":{"line":21,"column":3}},"line":18},"2":{"name":"(anonymous_2)","decl":{"start":{"line":23,"column":12},"end":{"line":23,"column":13}},"loc":{"start":{"line":23,"column":18},"end":{"line":29,"column":3}},"line":23},"3":{"name":"(anonymous_3)","decl":{"start":{"line":31,"column":30},"end":{"line":31,"column":31}},"loc":{"start":{"line":31,"column":37},"end":{"line":34,"column":3}},"line":31}},"branchMap":{"0":{"loc":{"start":{"line":25,"column":4},"end":{"line":28,"column":5}},"type":"if","locations":[{"start":{"line":25,"column":4},"end":{"line":28,"column":5}},{"start":{"line":25,"column":4},"end":{"line":28,"column":5}}],"line":25},"1":{"loc":{"start":{"line":38,"column":7},"end":{"line":55,"column":9}},"type":"binary-expr","locations":[{"start":{"line":38,"column":7},"end":{"line":38,"column":21}},{"start":{"line":38,"column":25},"end":{"line":38,"column":38}},{"start":{"line":40,"column":8},"end":{"line":54,"column":11}}],"line":38}},"s":{"0":1,"1":0,"2":0,"3":0,"4":0,"5":0,"6":0,"7":0,"8":0,"9":0,"10":0,"11":0,"12":0,"13":0,"14":0,"15":0},"f":{"0":0,"1":0,"2":0,"3":0},"b":{"0":[0,0],"1":[0,0,0]},"_coverageSchema":"1a1c01bbd47fc00a2c39e90264f33305004495a9","hash":"47568484a532e95a0ac99bf1604e8aa4067b7a9c"}
,"/Users/kim/Google Drive/Hack Reactor/3. Juniors/Repos/project-catwalk/client/src/components/Stars.jsx": {"path":"/Users/kim/Google Drive/Hack Reactor/3. Juniors/Repos/project-catwalk/client/src/components/Stars.jsx","statementMap":{"0":{"start":{"line":7,"column":14},"end":{"line":39,"column":1}},"1":{"start":{"line":8,"column":40},"end":{"line":8,"column":51}},"2":{"start":{"line":10,"column":41},"end":{"line":10,"column":63}},"3":{"start":{"line":12,"column":29},"end":{"line":15,"column":3}},"4":{"start":{"line":13,"column":18},"end":{"line":13,"column":49}},"5":{"start":{"line":14,"column":4},"end":{"line":14,"column":26}},"6":{"start":{"line":17,"column":2},"end":{"line":19,"column":18}},"7":{"start":{"line":18,"column":4},"end":{"line":18,"column":52}},"8":{"start":{"line":21,"column":2},"end":{"line":38,"column":4}}},"fnMap":{"0":{"name":"(anonymous_0)","decl":{"start":{"line":7,"column":14},"end":{"line":7,"column":15}},"loc":{"start":{"line":7,"column":20},"end":{"line":39,"column":1}},"line":7},"1":{"name":"(anonymous_1)","decl":{"start":{"line":12,"column":29},"end":{"line":12,"column":30}},"loc":{"start":{"line":12,"column":43},"end":{"line":15,"column":3}},"line":12},"2":{"name":"(anonymous_2)","decl":{"start":{"line":17,"column":12},"end":{"line":17,"column":13}},"loc":{"start":{"line":17,"column":18},"end":{"line":19,"column":3}},"line":17}},"branchMap":{"0":{"loc":{"start":{"line":23,"column":7},"end":{"line":36,"column":7}},"type":"binary-expr","locations":[{"start":{"line":23,"column":7},"end":{"line":23,"column":18}},{"start":{"line":24,"column":8},"end":{"line":34,"column":18}}],"line":23}},"s":{"0":1,"1":1,"2":1,"3":1,"4":0,"5":0,"6":1,"7":1,"8":1},"f":{"0":1,"1":0,"2":1},"b":{"0":[1,0]},"_coverageSchema":"1a1c01bbd47fc00a2c39e90264f33305004495a9","hash":"a90722ce49d7be9e8d089461fdd53a5b21518554"}
,"/Users/kim/Google Drive/Hack Reactor/3. Juniors/Repos/project-catwalk/client/src/components/product/Product.jsx": {"path":"/Users/kim/Google Drive/Hack Reactor/3. Juniors/Repos/project-catwalk/client/src/components/product/Product.jsx","statementMap":{"0":{"start":{"line":13,"column":16},"end":{"line":47,"column":1}},"1":{"start":{"line":14,"column":36},"end":{"line":14,"column":85}},"2":{"start":{"line":20,"column":2},"end":{"line":46,"column":4}}},"fnMap":{"0":{"name":"(anonymous_0)","decl":{"start":{"line":13,"column":16},"end":{"line":13,"column":17}},"loc":{"start":{"line":13,"column":27},"end":{"line":47,"column":1}},"line":13}},"branchMap":{"0":{"loc":{"start":{"line":22,"column":7},"end":{"line":44,"column":9}},"type":"binary-expr","locations":[{"start":{"line":22,"column":7},"end":{"line":22,"column":26}},{"start":{"line":22,"column":30},"end":{"line":22,"column":50}},{"start":{"line":24,"column":8},"end":{"line":43,"column":11}}],"line":22}},"s":{"0":1,"1":0,"2":0},"f":{"0":0},"b":{"0":[0,0,0]},"_coverageSchema":"1a1c01bbd47fc00a2c39e90264f33305004495a9","hash":"a13149a2f349428e9236f830d15cc6b52b16213e"}
,"/Users/kim/Google Drive/Hack Reactor/3. Juniors/Repos/project-catwalk/client/src/components/product/productCart.jsx": {"path":"/Users/kim/Google Drive/Hack Reactor/3. Juniors/Repos/project-catwalk/client/src/components/product/productCart.jsx","statementMap":{"0":{"start":{"line":4,"column":20},"end":{"line":19,"column":1}},"1":{"start":{"line":5,"column":15},"end":{"line":5,"column":19}},"2":{"start":{"line":7,"column":2},"end":{"line":18,"column":4}}},"fnMap":{"0":{"name":"(anonymous_0)","decl":{"start":{"line":4,"column":20},"end":{"line":4,"column":21}},"loc":{"start":{"line":4,"column":31},"end":{"line":19,"column":1}},"line":4}},"branchMap":{},"s":{"0":1,"1":0,"2":0},"f":{"0":0},"b":{},"_coverageSchema":"1a1c01bbd47fc00a2c39e90264f33305004495a9","hash":"af299163f64e89e9045c797917ead31b93db6c7c"}
,"/Users/kim/Google Drive/Hack Reactor/3. Juniors/Repos/project-catwalk/client/src/components/product/productDescription.jsx": {"path":"/Users/kim/Google Drive/Hack Reactor/3. Juniors/Repos/project-catwalk/client/src/components/product/productDescription.jsx","statementMap":{"0":{"start":{"line":5,"column":27},"end":{"line":30,"column":1}},"1":{"start":{"line":6,"column":19},"end":{"line":14,"column":4}},"2":{"start":{"line":7,"column":20},"end":{"line":7,"column":51}},"3":{"start":{"line":8,"column":4},"end":{"line":13,"column":6}},"4":{"start":{"line":16,"column":2},"end":{"line":29,"column":4}}},"fnMap":{"0":{"name":"(anonymous_0)","decl":{"start":{"line":5,"column":27},"end":{"line":5,"column":28}},"loc":{"start":{"line":5,"column":38},"end":{"line":30,"column":1}},"line":5},"1":{"name":"(anonymous_1)","decl":{"start":{"line":6,"column":53},"end":{"line":6,"column":54}},"loc":{"start":{"line":6,"column":63},"end":{"line":14,"column":3}},"line":6}},"branchMap":{},"s":{"0":1,"1":0,"2":0,"3":0,"4":0},"f":{"0":0,"1":0},"b":{},"_coverageSchema":"1a1c01bbd47fc00a2c39e90264f33305004495a9","hash":"b71c15e213194f195b49e6bbd9b9acbe8808dee4"}
,"/Users/kim/Google Drive/Hack Reactor/3. Juniors/Repos/project-catwalk/client/src/components/product/productGallery.jsx": {"path":"/Users/kim/Google Drive/Hack Reactor/3. Juniors/Repos/project-catwalk/client/src/components/product/productGallery.jsx","statementMap":{"0":{"start":{"line":6,"column":23},"end":{"line":41,"column":1}},"1":{"start":{"line":7,"column":20},"end":{"line":7,"column":40}},"2":{"start":{"line":9,"column":17},"end":{"line":14,"column":4}},"3":{"start":{"line":10,"column":4},"end":{"line":13,"column":5}},"4":{"start":{"line":12,"column":6},"end":{"line":12,"column":25}},"5":{"start":{"line":16,"column":20},"end":{"line":22,"column":3}},"6":{"start":{"line":17,"column":4},"end":{"line":21,"column":6}},"7":{"start":{"line":24,"column":22},"end":{"line":31,"column":4}},"8":{"start":{"line":25,"column":4},"end":{"line":30,"column":6}},"9":{"start":{"line":33,"column":2},"end":{"line":40,"column":4}}},"fnMap":{"0":{"name":"(anonymous_0)","decl":{"start":{"line":6,"column":23},"end":{"line":6,"column":24}},"loc":{"start":{"line":6,"column":34},"end":{"line":41,"column":1}},"line":6},"1":{"name":"(anonymous_1)","decl":{"start":{"line":9,"column":31},"end":{"line":9,"column":32}},"loc":{"start":{"line":9,"column":41},"end":{"line":14,"column":3}},"line":9},"2":{"name":"(anonymous_2)","decl":{"start":{"line":16,"column":20},"end":{"line":16,"column":21}},"loc":{"start":{"line":17,"column":4},"end":{"line":21,"column":6}},"line":17},"3":{"name":"(anonymous_3)","decl":{"start":{"line":24,"column":36},"end":{"line":24,"column":37}},"loc":{"start":{"line":25,"column":4},"end":{"line":30,"column":6}},"line":25}},"branchMap":{"0":{"loc":{"start":{"line":10,"column":4},"end":{"line":13,"column":5}},"type":"if","locations":[{"start":{"line":10,"column":4},"end":{"line":13,"column":5}},{"start":{"line":10,"column":4},"end":{"line":13,"column":5}}],"line":10}},"s":{"0":1,"1":0,"2":0,"3":0,"4":0,"5":0,"6":0,"7":0,"8":0,"9":0},"f":{"0":0,"1":0,"2":0,"3":0},"b":{"0":[0,0]},"_coverageSchema":"1a1c01bbd47fc00a2c39e90264f33305004495a9","hash":"ef9c6c3d329cfb1cf25ced7de7d5c09addc69426"}
,"/Users/kim/Google Drive/Hack Reactor/3. Juniors/Repos/project-catwalk/client/src/components/product/productName.jsx": {"path":"/Users/kim/Google Drive/Hack Reactor/3. Juniors/Repos/project-catwalk/client/src/components/product/productName.jsx","statementMap":{"0":{"start":{"line":5,"column":20},"end":{"line":14,"column":1}},"1":{"start":{"line":6,"column":2},"end":{"line":13,"column":8}}},"fnMap":{"0":{"name":"(anonymous_0)","decl":{"start":{"line":5,"column":20},"end":{"line":5,"column":21}},"loc":{"start":{"line":6,"column":2},"end":{"line":13,"column":8}},"line":6}},"branchMap":{},"s":{"0":1,"1":0},"f":{"0":0},"b":{},"_coverageSchema":"1a1c01bbd47fc00a2c39e90264f33305004495a9","hash":"57fb4d9eaa4d1cfdc206439711a2540da955bfc1"}
,"/Users/kim/Google Drive/Hack Reactor/3. Juniors/Repos/project-catwalk/client/src/components/product/productStars.jsx": {"path":"/Users/kim/Google Drive/Hack Reactor/3. Juniors/Repos/project-catwalk/client/src/components/product/productStars.jsx","statementMap":{"0":{"start":{"line":4,"column":21},"end":{"line":13,"column":1}},"1":{"start":{"line":5,"column":15},"end":{"line":5,"column":19}},"2":{"start":{"line":7,"column":2},"end":{"line":12,"column":4}}},"fnMap":{"0":{"name":"(anonymous_0)","decl":{"start":{"line":4,"column":21},"end":{"line":4,"column":22}},"loc":{"start":{"line":4,"column":32},"end":{"line":13,"column":1}},"line":4}},"branchMap":{},"s":{"0":1,"1":0,"2":0},"f":{"0":0},"b":{},"_coverageSchema":"1a1c01bbd47fc00a2c39e90264f33305004495a9","hash":"3b2432f4b8f479c71dab0538ea7e7810d41730f1"}
,"/Users/kim/Google Drive/Hack Reactor/3. Juniors/Repos/project-catwalk/client/src/components/product/productStyles.jsx": {"path":"/Users/kim/Google Drive/Hack Reactor/3. Juniors/Repos/project-catwalk/client/src/components/product/productStyles.jsx","statementMap":{"0":{"start":{"line":9,"column":22},"end":{"line":150,"column":1}},"1":{"start":{"line":10,"column":20},"end":{"line":10,"column":40}},"2":{"start":{"line":12,"column":17},"end":{"line":18,"column":3}},"3":{"start":{"line":20,"column":34},"end":{"line":20,"column":47}},"4":{"start":{"line":21,"column":24},"end":{"line":21,"column":40}},"5":{"start":{"line":22,"column":45},"end":{"line":22,"column":79}},"6":{"start":{"line":24,"column":27},"end":{"line":26,"column":3}},"7":{"start":{"line":25,"column":4},"end":{"line":25,"column":24}},"8":{"start":{"line":28,"column":2},"end":{"line":52,"column":21}},"9":{"start":{"line":29,"column":4},"end":{"line":51,"column":7}},"10":{"start":{"line":31,"column":21},"end":{"line":31,"column":22}},"11":{"start":{"line":32,"column":6},"end":{"line":44,"column":9}},"12":{"start":{"line":33,"column":8},"end":{"line":43,"column":9}},"13":{"start":{"line":35,"column":23},"end":{"line":35,"column":48}},"14":{"start":{"line":36,"column":10},"end":{"line":42,"column":13}},"15":{"start":{"line":38,"column":12},"end":{"line":41,"column":13}},"16":{"start":{"line":40,"column":14},"end":{"line":40,"column":42}},"17":{"start":{"line":45,"column":19},"end":{"line":45,"column":21}},"18":{"start":{"line":46,"column":6},"end":{"line":48,"column":7}},"19":{"start":{"line":46,"column":19},"end":{"line":46,"column":20}},"20":{"start":{"line":47,"column":8},"end":{"line":47,"column":44}},"21":{"start":{"line":50,"column":6},"end":{"line":50,"column":20}},"22":{"start":{"line":54,"column":19},"end":{"line":74,"column":3}},"23":{"start":{"line":55,"column":18},"end":{"line":55,"column":51}},"24":{"start":{"line":56,"column":22},"end":{"line":56,"column":51}},"25":{"start":{"line":57,"column":4},"end":{"line":68,"column":5}},"26":{"start":{"line":58,"column":6},"end":{"line":67,"column":8}},"27":{"start":{"line":69,"column":4},"end":{"line":73,"column":6}},"28":{"start":{"line":77,"column":4},"end":{"line":79,"column":7}},"29":{"start":{"line":81,"column":20},"end":{"line":87,"column":4}},"30":{"start":{"line":83,"column":4},"end":{"line":85,"column":5}},"31":{"start":{"line":84,"column":6},"end":{"line":84,"column":78}},"32":{"start":{"line":86,"column":4},"end":{"line":86,"column":16}},"33":{"start":{"line":89,"column":25},"end":{"line":115,"column":4}},"34":{"start":{"line":90,"column":4},"end":{"line":104,"column":5}},"35":{"start":{"line":91,"column":6},"end":{"line":103,"column":8}},"36":{"start":{"line":105,"column":4},"end":{"line":114,"column":6}},"37":{"start":{"line":117,"column":2},"end":{"line":149,"column":4}}},"fnMap":{"0":{"name":"(anonymous_0)","decl":{"start":{"line":9,"column":22},"end":{"line":9,"column":23}},"loc":{"start":{"line":9,"column":33},"end":{"line":150,"column":1}},"line":9},"1":{"name":"(anonymous_1)","decl":{"start":{"line":24,"column":27},"end":{"line":24,"column":28}},"loc":{"start":{"line":24,"column":37},"end":{"line":26,"column":3}},"line":24},"2":{"name":"(anonymous_2)","decl":{"start":{"line":28,"column":12},"end":{"line":28,"column":13}},"loc":{"start":{"line":28,"column":18},"end":{"line":52,"column":3}},"line":28},"3":{"name":"(anonymous_3)","decl":{"start":{"line":29,"column":20},"end":{"line":29,"column":21}},"loc":{"start":{"line":29,"column":26},"end":{"line":51,"column":5}},"line":29},"4":{"name":"(anonymous_4)","decl":{"start":{"line":32,"column":20},"end":{"line":32,"column":21}},"loc":{"start":{"line":32,"column":30},"end":{"line":44,"column":7}},"line":32},"5":{"name":"(anonymous_5)","decl":{"start":{"line":36,"column":19},"end":{"line":36,"column":20}},"loc":{"start":{"line":36,"column":28},"end":{"line":42,"column":11}},"line":36},"6":{"name":"(anonymous_6)","decl":{"start":{"line":54,"column":19},"end":{"line":54,"column":20}},"loc":{"start":{"line":54,"column":25},"end":{"line":74,"column":3}},"line":54},"7":{"name":"(anonymous_7)","decl":{"start":{"line":81,"column":34},"end":{"line":81,"column":35}},"loc":{"start":{"line":81,"column":44},"end":{"line":87,"column":3}},"line":81},"8":{"name":"(anonymous_8)","decl":{"start":{"line":89,"column":39},"end":{"line":89,"column":40}},"loc":{"start":{"line":89,"column":49},"end":{"line":115,"column":3}},"line":89}},"branchMap":{"0":{"loc":{"start":{"line":33,"column":8},"end":{"line":43,"column":9}},"type":"if","locations":[{"start":{"line":33,"column":8},"end":{"line":43,"column":9}},{"start":{"line":33,"column":8},"end":{"line":43,"column":9}}],"line":33},"1":{"loc":{"start":{"line":38,"column":12},"end":{"line":41,"column":13}},"type":"if","locations":[{"start":{"line":38,"column":12},"end":{"line":41,"column":13}},{"start":{"line":38,"column":12},"end":{"line":41,"column":13}}],"line":38},"2":{"loc":{"start":{"line":57,"column":4},"end":{"line":68,"column":5}},"type":"if","locations":[{"start":{"line":57,"column":4},"end":{"line":68,"column":5}},{"start":{"line":57,"column":4},"end":{"line":68,"column":5}}],"line":57},"3":{"loc":{"start":{"line":83,"column":4},"end":{"line":85,"column":5}},"type":"if","locations":[{"start":{"line":83,"column":4},"end":{"line":85,"column":5}},{"start":{"line":83,"column":4},"end":{"line":85,"column":5}}],"line":83},"4":{"loc":{"start":{"line":90,"column":4},"end":{"line":104,"column":5}},"type":"if","locations":[{"start":{"line":90,"column":4},"end":{"line":104,"column":5}},{"start":{"line":90,"column":4},"end":{"line":104,"column":5}}],"line":90}},"s":{"0":1,"1":0,"2":0,"3":0,"4":0,"5":0,"6":0,"7":0,"8":0,"9":0,"10":0,"11":0,"12":0,"13":0,"14":0,"15":0,"16":0,"17":0,"18":0,"19":0,"20":0,"21":0,"22":0,"23":0,"24":0,"25":0,"26":0,"27":0,"28":0,"29":0,"30":0,"31":0,"32":0,"33":0,"34":0,"35":0,"36":0,"37":0},"f":{"0":0,"1":0,"2":0,"3":0,"4":0,"5":0,"6":0,"7":0,"8":0},"b":{"0":[0,0],"1":[0,0],"2":[0,0],"3":[0,0],"4":[0,0]},"_coverageSchema":"1a1c01bbd47fc00a2c39e90264f33305004495a9","hash":"f70263d420dbbe693a9faf255dad69b951d79181"}
,"/Users/kim/Google Drive/Hack Reactor/3. Juniors/Repos/project-catwalk/client/src/components/question/AskQuestionForm.jsx": {"path":"/Users/kim/Google Drive/Hack Reactor/3. Juniors/Repos/project-catwalk/client/src/components/question/AskQuestionForm.jsx","statementMap":{"0":{"start":{"line":8,"column":24},"end":{"line":92,"column":1}},"1":{"start":{"line":11,"column":6},"end":{"line":11,"column":28}},"2":{"start":{"line":13,"column":34},"end":{"line":13,"column":44}},"3":{"start":{"line":14,"column":31},"end":{"line":14,"column":41}},"4":{"start":{"line":15,"column":28},"end":{"line":15,"column":38}},"5":{"start":{"line":17,"column":19},"end":{"line":22,"column":3}},"6":{"start":{"line":24,"column":34},"end":{"line":30,"column":3}},"7":{"start":{"line":25,"column":4},"end":{"line":25,"column":23}},"8":{"start":{"line":26,"column":4},"end":{"line":26,"column":43}},"9":{"start":{"line":29,"column":4},"end":{"line":29,"column":18}},"10":{"start":{"line":32,"column":2},"end":{"line":91,"column":4}},"11":{"start":{"line":50,"column":27},"end":{"line":50,"column":58}},"12":{"start":{"line":64,"column":29},"end":{"line":64,"column":58}},"13":{"start":{"line":78,"column":29},"end":{"line":78,"column":54}}},"fnMap":{"0":{"name":"(anonymous_0)","decl":{"start":{"line":8,"column":24},"end":{"line":8,"column":25}},"loc":{"start":{"line":8,"column":45},"end":{"line":92,"column":1}},"line":8},"1":{"name":"(anonymous_1)","decl":{"start":{"line":24,"column":34},"end":{"line":24,"column":35}},"loc":{"start":{"line":24,"column":41},"end":{"line":30,"column":3}},"line":24},"2":{"name":"(anonymous_2)","decl":{"start":{"line":50,"column":20},"end":{"line":50,"column":21}},"loc":{"start":{"line":50,"column":27},"end":{"line":50,"column":58}},"line":50},"3":{"name":"(anonymous_3)","decl":{"start":{"line":64,"column":20},"end":{"line":64,"column":21}},"loc":{"start":{"line":64,"column":27},"end":{"line":64,"column":60}},"line":64},"4":{"name":"(anonymous_4)","decl":{"start":{"line":78,"column":20},"end":{"line":78,"column":21}},"loc":{"start":{"line":78,"column":27},"end":{"line":78,"column":56}},"line":78}},"branchMap":{},"s":{"0":1,"1":0,"2":0,"3":0,"4":0,"5":0,"6":0,"7":0,"8":0,"9":0,"10":0,"11":0,"12":0,"13":0},"f":{"0":0,"1":0,"2":0,"3":0,"4":0},"b":{},"_coverageSchema":"1a1c01bbd47fc00a2c39e90264f33305004495a9","hash":"58029371f054710a9571e4fd20f9e77b93fe2b35"}
,"/Users/kim/Google Drive/Hack Reactor/3. Juniors/Repos/project-catwalk/client/src/components/question/Question.jsx": {"path":"/Users/kim/Google Drive/Hack Reactor/3. Juniors/Repos/project-catwalk/client/src/components/question/Question.jsx","statementMap":{"0":{"start":{"line":11,"column":18},"end":{"line":31,"column":1}},"1":{"start":{"line":33,"column":17},"end":{"line":90,"column":1}},"2":{"start":{"line":34,"column":41},"end":{"line":34,"column":63}},"3":{"start":{"line":36,"column":44},"end":{"line":36,"column":63}},"4":{"start":{"line":37,"column":26},"end":{"line":37,"column":41}},"5":{"start":{"line":39,"column":2},"end":{"line":41,"column":18}},"6":{"start":{"line":40,"column":4},"end":{"line":40,"column":52}},"7":{"start":{"line":43,"column":21},"end":{"line":45,"column":3}},"8":{"start":{"line":44,"column":4},"end":{"line":44,"column":18}},"9":{"start":{"line":47,"column":22},"end":{"line":49,"column":3}},"10":{"start":{"line":48,"column":4},"end":{"line":48,"column":19}},"11":{"start":{"line":51,"column":20},"end":{"line":60,"column":4}},"12":{"start":{"line":62,"column":18},"end":{"line":62,"column":29}},"13":{"start":{"line":64,"column":2},"end":{"line":89,"column":4}}},"fnMap":{"0":{"name":"(anonymous_0)","decl":{"start":{"line":33,"column":17},"end":{"line":33,"column":18}},"loc":{"start":{"line":33,"column":23},"end":{"line":90,"column":1}},"line":33},"1":{"name":"(anonymous_1)","decl":{"start":{"line":39,"column":12},"end":{"line":39,"column":13}},"loc":{"start":{"line":39,"column":18},"end":{"line":41,"column":3}},"line":39},"2":{"name":"(anonymous_2)","decl":{"start":{"line":43,"column":21},"end":{"line":43,"column":22}},"loc":{"start":{"line":43,"column":27},"end":{"line":45,"column":3}},"line":43},"3":{"name":"(anonymous_3)","decl":{"start":{"line":47,"column":22},"end":{"line":47,"column":23}},"loc":{"start":{"line":47,"column":28},"end":{"line":49,"column":3}},"line":47}},"branchMap":{"0":{"loc":{"start":{"line":66,"column":7},"end":{"line":87,"column":7}},"type":"binary-expr","locations":[{"start":{"line":66,"column":7},"end":{"line":66,"column":20}},{"start":{"line":67,"column":8},"end":{"line":86,"column":11}}],"line":66}},"s":{"0":1,"1":1,"2":0,"3":0,"4":0,"5":0,"6":0,"7":0,"8":0,"9":0,"10":0,"11":0,"12":0,"13":0},"f":{"0":0,"1":0,"2":0,"3":0},"b":{"0":[0,0]},"_coverageSchema":"1a1c01bbd47fc00a2c39e90264f33305004495a9","hash":"7ad17709dad5d5b175f706ab207b08d2635ef46f"}
,"/Users/kim/Google Drive/Hack Reactor/3. Juniors/Repos/project-catwalk/client/src/components/question/SearchForm.jsx": {"path":"/Users/kim/Google Drive/Hack Reactor/3. Juniors/Repos/project-catwalk/client/src/components/question/SearchForm.jsx","statementMap":{"0":{"start":{"line":3,"column":19},"end":{"line":26,"column":1}},"1":{"start":{"line":4,"column":2},"end":{"line":25,"column":8}}},"fnMap":{"0":{"name":"(anonymous_0)","decl":{"start":{"line":3,"column":19},"end":{"line":3,"column":20}},"loc":{"start":{"line":4,"column":2},"end":{"line":25,"column":8}},"line":4}},"branchMap":{},"s":{"0":1,"1":0},"f":{"0":0},"b":{},"_coverageSchema":"1a1c01bbd47fc00a2c39e90264f33305004495a9","hash":"b5788eef3e490e37f5d4fd9d16e1141bd826dba5"}
,"/Users/kim/Google Drive/Hack Reactor/3. Juniors/Repos/project-catwalk/client/src/components/question/QAList/AddAnswerForm.jsx": {"path":"/Users/kim/Google Drive/Hack Reactor/3. Juniors/Repos/project-catwalk/client/src/components/question/QAList/AddAnswerForm.jsx","statementMap":{"0":{"start":{"line":6,"column":22},"end":{"line":95,"column":1}},"1":{"start":{"line":9,"column":6},"end":{"line":9,"column":28}},"2":{"start":{"line":11,"column":32},"end":{"line":11,"column":42}},"3":{"start":{"line":12,"column":34},"end":{"line":12,"column":44}},"4":{"start":{"line":13,"column":28},"end":{"line":13,"column":38}},"5":{"start":{"line":14,"column":30},"end":{"line":14,"column":42}},"6":{"start":{"line":16,"column":19},"end":{"line":21,"column":3}},"7":{"start":{"line":23,"column":32},"end":{"line":29,"column":3}},"8":{"start":{"line":24,"column":4},"end":{"line":24,"column":23}},"9":{"start":{"line":25,"column":4},"end":{"line":25,"column":43}},"10":{"start":{"line":28,"column":4},"end":{"line":28,"column":18}},"11":{"start":{"line":31,"column":2},"end":{"line":94,"column":4}},"12":{"start":{"line":49,"column":29},"end":{"line":49,"column":58}},"13":{"start":{"line":65,"column":31},"end":{"line":65,"column":63}},"14":{"start":{"line":81,"column":31},"end":{"line":81,"column":56}}},"fnMap":{"0":{"name":"(anonymous_0)","decl":{"start":{"line":6,"column":22},"end":{"line":6,"column":23}},"loc":{"start":{"line":6,"column":57},"end":{"line":95,"column":1}},"line":6},"1":{"name":"(anonymous_1)","decl":{"start":{"line":23,"column":32},"end":{"line":23,"column":33}},"loc":{"start":{"line":23,"column":39},"end":{"line":29,"column":3}},"line":23},"2":{"name":"(anonymous_2)","decl":{"start":{"line":49,"column":22},"end":{"line":49,"column":23}},"loc":{"start":{"line":49,"column":29},"end":{"line":49,"column":58}},"line":49},"3":{"name":"(anonymous_3)","decl":{"start":{"line":65,"column":22},"end":{"line":65,"column":23}},"loc":{"start":{"line":65,"column":29},"end":{"line":65,"column":65}},"line":65},"4":{"name":"(anonymous_4)","decl":{"start":{"line":81,"column":22},"end":{"line":81,"column":23}},"loc":{"start":{"line":81,"column":29},"end":{"line":81,"column":58}},"line":81}},"branchMap":{},"s":{"0":1,"1":0,"2":0,"3":0,"4":0,"5":0,"6":0,"7":0,"8":0,"9":0,"10":0,"11":0,"12":0,"13":0,"14":0},"f":{"0":0,"1":0,"2":0,"3":0,"4":0},"b":{},"_coverageSchema":"1a1c01bbd47fc00a2c39e90264f33305004495a9","hash":"8ba95b29199a4ebee324ce847d86079144b71a41"}
,"/Users/kim/Google Drive/Hack Reactor/3. Juniors/Repos/project-catwalk/client/src/components/question/QAList/AnswerList.jsx": {"path":"/Users/kim/Google Drive/Hack Reactor/3. Juniors/Repos/project-catwalk/client/src/components/question/QAList/AnswerList.jsx","statementMap":{"0":{"start":{"line":5,"column":19},"end":{"line":60,"column":1}},"1":{"start":{"line":7,"column":28},"end":{"line":7,"column":39}},"2":{"start":{"line":8,"column":21},"end":{"line":8,"column":41}},"3":{"start":{"line":9,"column":34},"end":{"line":9,"column":70}},"4":{"start":{"line":11,"column":30},"end":{"line":20,"column":3}},"5":{"start":{"line":12,"column":4},"end":{"line":18,"column":5}},"6":{"start":{"line":13,"column":6},"end":{"line":13,"column":18}},"7":{"start":{"line":14,"column":11},"end":{"line":18,"column":5}},"8":{"start":{"line":15,"column":6},"end":{"line":15,"column":34}},"9":{"start":{"line":16,"column":11},"end":{"line":18,"column":5}},"10":{"start":{"line":17,"column":6},"end":{"line":17,"column":18}},"11":{"start":{"line":19,"column":4},"end":{"line":19,"column":44}},"12":{"start":{"line":22,"column":21},"end":{"line":32,"column":10}},"13":{"start":{"line":24,"column":6},"end":{"line":24,"column":40}},"14":{"start":{"line":25,"column":6},"end":{"line":30,"column":8}},"15":{"start":{"line":36,"column":2},"end":{"line":40,"column":3}},"16":{"start":{"line":37,"column":4},"end":{"line":37,"column":44}},"17":{"start":{"line":38,"column":9},"end":{"line":40,"column":3}},"18":{"start":{"line":39,"column":4},"end":{"line":39,"column":44}},"19":{"start":{"line":42,"column":25},"end":{"line":50,"column":10}},"20":{"start":{"line":52,"column":2},"end":{"line":59,"column":4}}},"fnMap":{"0":{"name":"(anonymous_0)","decl":{"start":{"line":5,"column":19},"end":{"line":5,"column":20}},"loc":{"start":{"line":5,"column":36},"end":{"line":60,"column":1}},"line":5},"1":{"name":"(anonymous_1)","decl":{"start":{"line":11,"column":30},"end":{"line":11,"column":31}},"loc":{"start":{"line":11,"column":36},"end":{"line":20,"column":3}},"line":11},"2":{"name":"(anonymous_2)","decl":{"start":{"line":23,"column":19},"end":{"line":23,"column":20}},"loc":{"start":{"line":23,"column":33},"end":{"line":31,"column":1}},"line":23}},"branchMap":{"0":{"loc":{"start":{"line":12,"column":4},"end":{"line":18,"column":5}},"type":"if","locations":[{"start":{"line":12,"column":4},"end":{"line":18,"column":5}},{"start":{"line":12,"column":4},"end":{"line":18,"column":5}}],"line":12},"1":{"loc":{"start":{"line":14,"column":11},"end":{"line":18,"column":5}},"type":"if","locations":[{"start":{"line":14,"column":11},"end":{"line":18,"column":5}},{"start":{"line":14,"column":11},"end":{"line":18,"column":5}}],"line":14},"2":{"loc":{"start":{"line":16,"column":11},"end":{"line":18,"column":5}},"type":"if","locations":[{"start":{"line":16,"column":11},"end":{"line":18,"column":5}},{"start":{"line":16,"column":11},"end":{"line":18,"column":5}}],"line":16},"3":{"loc":{"start":{"line":22,"column":21},"end":{"line":32,"column":10}},"type":"cond-expr","locations":[{"start":{"line":23,"column":6},"end":{"line":31,"column":2}},{"start":{"line":32,"column":6},"end":{"line":32,"column":10}}],"line":22},"4":{"loc":{"start":{"line":22,"column":21},"end":{"line":22,"column":54}},"type":"binary-expr","locations":[{"start":{"line":22,"column":21},"end":{"line":22,"column":29}},{"start":{"line":22,"column":34},"end":{"line":22,"column":53}}],"line":22},"5":{"loc":{"start":{"line":36,"column":2},"end":{"line":40,"column":3}},"type":"if","locations":[{"start":{"line":36,"column":2},"end":{"line":40,"column":3}},{"start":{"line":36,"column":2},"end":{"line":40,"column":3}}],"line":36},"6":{"loc":{"start":{"line":36,"column":6},"end":{"line":36,"column":55}},"type":"binary-expr","locations":[{"start":{"line":36,"column":6},"end":{"line":36,"column":14}},{"start":{"line":36,"column":19},"end":{"line":36,"column":54}}],"line":36},"7":{"loc":{"start":{"line":38,"column":9},"end":{"line":40,"column":3}},"type":"if","locations":[{"start":{"line":38,"column":9},"end":{"line":40,"column":3}},{"start":{"line":38,"column":9},"end":{"line":40,"column":3}}],"line":38},"8":{"loc":{"start":{"line":38,"column":13},"end":{"line":38,"column":75}},"type":"binary-expr","locations":[{"start":{"line":38,"column":13},"end":{"line":38,"column":50}},{"start":{"line":38,"column":54},"end":{"line":38,"column":75}}],"line":38},"9":{"loc":{"start":{"line":42,"column":25},"end":{"line":50,"column":10}},"type":"cond-expr","locations":[{"start":{"line":43,"column":4},"end":{"line":49,"column":13}},{"start":{"line":50,"column":6},"end":{"line":50,"column":10}}],"line":42}},"s":{"0":1,"1":0,"2":0,"3":0,"4":0,"5":0,"6":0,"7":0,"8":0,"9":0,"10":0,"11":0,"12":0,"13":0,"14":0,"15":0,"16":0,"17":0,"18":0,"19":0,"20":0},"f":{"0":0,"1":0,"2":0},"b":{"0":[0,0],"1":[0,0],"2":[0,0],"3":[0,0],"4":[0,0],"5":[0,0],"6":[0,0],"7":[0,0],"8":[0,0],"9":[0,0]},"_coverageSchema":"1a1c01bbd47fc00a2c39e90264f33305004495a9","hash":"e662dba69b053693999bcd1facd1b29475e4f6d7"}
,"/Users/kim/Google Drive/Hack Reactor/3. Juniors/Repos/project-catwalk/client/src/components/question/QAList/AnswerListItem.jsx": {"path":"/Users/kim/Google Drive/Hack Reactor/3. Juniors/Repos/project-catwalk/client/src/components/question/QAList/AnswerListItem.jsx","statementMap":{"0":{"start":{"line":4,"column":23},"end":{"line":80,"column":1}},"1":{"start":{"line":7,"column":6},"end":{"line":7,"column":28}},"2":{"start":{"line":9,"column":21},"end":{"line":22,"column":3}},"3":{"start":{"line":10,"column":20},"end":{"line":10,"column":22}},"4":{"start":{"line":11,"column":17},"end":{"line":11,"column":39}},"5":{"start":{"line":12,"column":18},"end":{"line":12,"column":40}},"6":{"start":{"line":13,"column":16},"end":{"line":13,"column":39}},"7":{"start":{"line":15,"column":23},"end":{"line":15,"column":145}},"8":{"start":{"line":16,"column":24},"end":{"line":16,"column":37}},"9":{"start":{"line":17,"column":24},"end":{"line":17,"column":51}},"10":{"start":{"line":19,"column":4},"end":{"line":19,"column":68}},"11":{"start":{"line":21,"column":4},"end":{"line":21,"column":21}},"12":{"start":{"line":24,"column":31},"end":{"line":27,"column":3}},"13":{"start":{"line":25,"column":4},"end":{"line":25,"column":74}},"14":{"start":{"line":26,"column":4},"end":{"line":26,"column":40}},"15":{"start":{"line":29,"column":26},"end":{"line":32,"column":3}},"16":{"start":{"line":30,"column":4},"end":{"line":30,"column":73}},"17":{"start":{"line":31,"column":4},"end":{"line":31,"column":39}},"18":{"start":{"line":36,"column":2},"end":{"line":79,"column":11}}},"fnMap":{"0":{"name":"(anonymous_0)","decl":{"start":{"line":4,"column":23},"end":{"line":4,"column":24}},"loc":{"start":{"line":4,"column":39},"end":{"line":80,"column":1}},"line":4},"1":{"name":"(anonymous_1)","decl":{"start":{"line":9,"column":21},"end":{"line":9,"column":22}},"loc":{"start":{"line":9,"column":33},"end":{"line":22,"column":3}},"line":9},"2":{"name":"(anonymous_2)","decl":{"start":{"line":24,"column":31},"end":{"line":24,"column":32}},"loc":{"start":{"line":24,"column":37},"end":{"line":27,"column":3}},"line":24},"3":{"name":"(anonymous_3)","decl":{"start":{"line":29,"column":26},"end":{"line":29,"column":27}},"loc":{"start":{"line":29,"column":32},"end":{"line":32,"column":3}},"line":29}},"branchMap":{"0":{"loc":{"start":{"line":36,"column":9},"end":{"line":79,"column":10}},"type":"cond-expr","locations":[{"start":{"line":37,"column":4},"end":{"line":78,"column":9}},{"start":{"line":79,"column":6},"end":{"line":79,"column":10}}],"line":36}},"s":{"0":1,"1":0,"2":0,"3":0,"4":0,"5":0,"6":0,"7":0,"8":0,"9":0,"10":0,"11":0,"12":0,"13":0,"14":0,"15":0,"16":0,"17":0,"18":0},"f":{"0":0,"1":0,"2":0,"3":0},"b":{"0":[0,0]},"_coverageSchema":"1a1c01bbd47fc00a2c39e90264f33305004495a9","hash":"07d601c19bdcb73f5661bf27e3e67e3a8b9baadd"}
,"/Users/kim/Google Drive/Hack Reactor/3. Juniors/Repos/project-catwalk/client/src/components/question/QAList/PhotoUpload.jsx": {"path":"/Users/kim/Google Drive/Hack Reactor/3. Juniors/Repos/project-catwalk/client/src/components/question/QAList/PhotoUpload.jsx","statementMap":{},"fnMap":{},"branchMap":{},"s":{},"f":{},"b":{}}
,"/Users/kim/Google Drive/Hack Reactor/3. Juniors/Repos/project-catwalk/client/src/components/question/QAList/QAList.jsx": {"path":"/Users/kim/Google Drive/Hack Reactor/3. Juniors/Repos/project-catwalk/client/src/components/question/QAList/QAList.jsx","statementMap":{"0":{"start":{"line":7,"column":28},"end":{"line":7,"column":39}},"1":{"start":{"line":8,"column":17},"end":{"line":8,"column":39}},"2":{"start":{"line":10,"column":29},"end":{"line":18,"column":3}},"3":{"start":{"line":11,"column":4},"end":{"line":17,"column":5}},"4":{"start":{"line":12,"column":6},"end":{"line":12,"column":18}},"5":{"start":{"line":13,"column":6},"end":{"line":13,"column":40}},"6":{"start":{"line":14,"column":11},"end":{"line":17,"column":5}},"7":{"start":{"line":15,"column":6},"end":{"line":15,"column":30}},"8":{"start":{"line":16,"column":6},"end":{"line":16,"column":24}},"9":{"start":{"line":20,"column":2},"end":{"line":40,"column":4}},"10":{"start":{"line":25,"column":12},"end":{"line":28,"column":14}}},"fnMap":{"0":{"name":"QAList","decl":{"start":{"line":6,"column":9},"end":{"line":6,"column":15}},"loc":{"start":{"line":6,"column":28},"end":{"line":41,"column":1}},"line":6},"1":{"name":"(anonymous_1)","decl":{"start":{"line":10,"column":29},"end":{"line":10,"column":30}},"loc":{"start":{"line":10,"column":35},"end":{"line":18,"column":3}},"line":10},"2":{"name":"(anonymous_2)","decl":{"start":{"line":24,"column":24},"end":{"line":24,"column":25}},"loc":{"start":{"line":25,"column":12},"end":{"line":28,"column":14}},"line":25}},"branchMap":{"0":{"loc":{"start":{"line":11,"column":4},"end":{"line":17,"column":5}},"type":"if","locations":[{"start":{"line":11,"column":4},"end":{"line":17,"column":5}},{"start":{"line":11,"column":4},"end":{"line":17,"column":5}}],"line":11},"1":{"loc":{"start":{"line":14,"column":11},"end":{"line":17,"column":5}},"type":"if","locations":[{"start":{"line":14,"column":11},"end":{"line":17,"column":5}},{"start":{"line":14,"column":11},"end":{"line":17,"column":5}}],"line":14}},"s":{"0":0,"1":0,"2":0,"3":0,"4":0,"5":0,"6":0,"7":0,"8":0,"9":0,"10":0},"f":{"0":0,"1":0,"2":0},"b":{"0":[0,0],"1":[0,0]},"_coverageSchema":"1a1c01bbd47fc00a2c39e90264f33305004495a9","hash":"751c80cb27b70f74ad1f43ee9b819a53e74b52b1"}
,"/Users/kim/Google Drive/Hack Reactor/3. Juniors/Repos/project-catwalk/client/src/components/question/QAList/QAListItem.jsx": {"path":"/Users/kim/Google Drive/Hack Reactor/3. Juniors/Repos/project-catwalk/client/src/components/question/QAList/QAListItem.jsx","statementMap":{"0":{"start":{"line":11,"column":19},"end":{"line":129,"column":1}},"1":{"start":{"line":14,"column":6},"end":{"line":14,"column":28}},"2":{"start":{"line":16,"column":26},"end":{"line":16,"column":41}},"3":{"start":{"line":18,"column":21},"end":{"line":20,"column":3}},"4":{"start":{"line":19,"column":4},"end":{"line":19,"column":18}},"5":{"start":{"line":22,"column":22},"end":{"line":24,"column":3}},"6":{"start":{"line":23,"column":4},"end":{"line":23,"column":19}},"7":{"start":{"line":26,"column":20},"end":{"line":35,"column":4}},"8":{"start":{"line":37,"column":18},"end":{"line":37,"column":29}},"9":{"start":{"line":39,"column":29},"end":{"line":45,"column":4}},"10":{"start":{"line":39,"column":35},"end":{"line":45,"column":4}},"11":{"start":{"line":40,"column":4},"end":{"line":44,"column":5}},"12":{"start":{"line":41,"column":6},"end":{"line":41,"column":51}},"13":{"start":{"line":43,"column":6},"end":{"line":43,"column":22}},"14":{"start":{"line":47,"column":38},"end":{"line":49,"column":3}},"15":{"start":{"line":48,"column":4},"end":{"line":48,"column":40}},"16":{"start":{"line":51,"column":33},"end":{"line":62,"column":3}},"17":{"start":{"line":54,"column":4},"end":{"line":61,"column":15}},"18":{"start":{"line":59,"column":8},"end":{"line":59,"column":30}},"19":{"start":{"line":65,"column":4},"end":{"line":80,"column":10}},"20":{"start":{"line":83,"column":24},"end":{"line":85,"column":3}},"21":{"start":{"line":88,"column":4},"end":{"line":110,"column":10}},"22":{"start":{"line":102,"column":25},"end":{"line":102,"column":60}},"23":{"start":{"line":113,"column":2},"end":{"line":128,"column":4}}},"fnMap":{"0":{"name":"(anonymous_0)","decl":{"start":{"line":11,"column":19},"end":{"line":11,"column":20}},"loc":{"start":{"line":11,"column":37},"end":{"line":129,"column":1}},"line":11},"1":{"name":"(anonymous_1)","decl":{"start":{"line":18,"column":21},"end":{"line":18,"column":22}},"loc":{"start":{"line":18,"column":27},"end":{"line":20,"column":3}},"line":18},"2":{"name":"(anonymous_2)","decl":{"start":{"line":22,"column":22},"end":{"line":22,"column":23}},"loc":{"start":{"line":22,"column":28},"end":{"line":24,"column":3}},"line":22},"3":{"name":"(anonymous_3)","decl":{"start":{"line":39,"column":29},"end":{"line":39,"column":30}},"loc":{"start":{"line":39,"column":35},"end":{"line":45,"column":4}},"line":39},"4":{"name":"(anonymous_4)","decl":{"start":{"line":39,"column":47},"end":{"line":39,"column":48}},"loc":{"start":{"line":39,"column":68},"end":{"line":45,"column":3}},"line":39},"5":{"name":"(anonymous_5)","decl":{"start":{"line":47,"column":38},"end":{"line":47,"column":39}},"loc":{"start":{"line":47,"column":44},"end":{"line":49,"column":3}},"line":47},"6":{"name":"(anonymous_6)","decl":{"start":{"line":51,"column":33},"end":{"line":51,"column":34}},"loc":{"start":{"line":51,"column":39},"end":{"line":62,"column":3}},"line":51},"7":{"name":"(anonymous_7)","decl":{"start":{"line":56,"column":44},"end":{"line":56,"column":45}},"loc":{"start":{"line":56,"column":58},"end":{"line":60,"column":7}},"line":56},"8":{"name":"(anonymous_8)","decl":{"start":{"line":102,"column":19},"end":{"line":102,"column":20}},"loc":{"start":{"line":102,"column":25},"end":{"line":102,"column":60}},"line":102}},"branchMap":{"0":{"loc":{"start":{"line":40,"column":4},"end":{"line":44,"column":5}},"type":"if","locations":[{"start":{"line":40,"column":4},"end":{"line":44,"column":5}},{"start":{"line":40,"column":4},"end":{"line":44,"column":5}}],"line":40}},"s":{"0":1,"1":0,"2":0,"3":0,"4":0,"5":0,"6":0,"7":0,"8":0,"9":0,"10":0,"11":0,"12":0,"13":0,"14":0,"15":0,"16":0,"17":0,"18":0,"19":0,"20":0,"21":0,"22":0,"23":0},"f":{"0":0,"1":0,"2":0,"3":0,"4":0,"5":0,"6":0,"7":0,"8":0},"b":{"0":[0,0]},"_coverageSchema":"1a1c01bbd47fc00a2c39e90264f33305004495a9","hash":"bd7401478036aefb50c3fc410a6bf7cfca653cf5"}
,"/Users/kim/Google Drive/Hack Reactor/3. Juniors/Repos/project-catwalk/client/src/components/related/Related.jsx": {"path":"/Users/kim/Google Drive/Hack Reactor/3. Juniors/Repos/project-catwalk/client/src/components/related/Related.jsx","statementMap":{"0":{"start":{"line":10,"column":16},"end":{"line":182,"column":1}},"1":{"start":{"line":11,"column":54},"end":{"line":11,"column":66}},"2":{"start":{"line":12,"column":34},"end":{"line":12,"column":44}},"3":{"start":{"line":13,"column":46},"end":{"line":13,"column":56}},"4":{"start":{"line":14,"column":34},"end":{"line":14,"column":44}},"5":{"start":{"line":15,"column":46},"end":{"line":15,"column":56}},"6":{"start":{"line":16,"column":34},"end":{"line":16,"column":44}},"7":{"start":{"line":17,"column":46},"end":{"line":17,"column":56}},"8":{"start":{"line":18,"column":34},"end":{"line":18,"column":44}},"9":{"start":{"line":19,"column":46},"end":{"line":19,"column":56}},"10":{"start":{"line":21,"column":41},"end":{"line":21,"column":63}},"11":{"start":{"line":23,"column":26},"end":{"line":42,"column":3}},"12":{"start":{"line":24,"column":4},"end":{"line":24,"column":32}},"13":{"start":{"line":26,"column":16},"end":{"line":26,"column":23}},"14":{"start":{"line":27,"column":16},"end":{"line":27,"column":23}},"15":{"start":{"line":28,"column":16},"end":{"line":28,"column":23}},"16":{"start":{"line":29,"column":16},"end":{"line":29,"column":23}},"17":{"start":{"line":31,"column":4},"end":{"line":31,"column":99}},"18":{"start":{"line":32,"column":4},"end":{"line":32,"column":112}},"19":{"start":{"line":34,"column":4},"end":{"line":34,"column":99}},"20":{"start":{"line":35,"column":4},"end":{"line":35,"column":112}},"21":{"start":{"line":37,"column":4},"end":{"line":37,"column":99}},"22":{"start":{"line":38,"column":4},"end":{"line":38,"column":112}},"23":{"start":{"line":40,"column":4},"end":{"line":40,"column":99}},"24":{"start":{"line":41,"column":4},"end":{"line":41,"column":112}},"25":{"start":{"line":44,"column":2},"end":{"line":46,"column":18}},"26":{"start":{"line":45,"column":4},"end":{"line":45,"column":53}},"27":{"start":{"line":48,"column":2},"end":{"line":181,"column":4}}},"fnMap":{"0":{"name":"(anonymous_0)","decl":{"start":{"line":10,"column":16},"end":{"line":10,"column":17}},"loc":{"start":{"line":10,"column":27},"end":{"line":182,"column":1}},"line":10},"1":{"name":"(anonymous_1)","decl":{"start":{"line":23,"column":26},"end":{"line":23,"column":27}},"loc":{"start":{"line":23,"column":36},"end":{"line":42,"column":3}},"line":23},"2":{"name":"(anonymous_2)","decl":{"start":{"line":44,"column":12},"end":{"line":44,"column":13}},"loc":{"start":{"line":44,"column":18},"end":{"line":46,"column":3}},"line":44}},"branchMap":{"0":{"loc":{"start":{"line":50,"column":7},"end":{"line":179,"column":7}},"type":"binary-expr","locations":[{"start":{"line":50,"column":7},"end":{"line":50,"column":25}},{"start":{"line":51,"column":8},"end":{"line":178,"column":11}}],"line":50},"1":{"loc":{"start":{"line":54,"column":13},"end":{"line":83,"column":13}},"type":"binary-expr","locations":[{"start":{"line":54,"column":13},"end":{"line":54,"column":21}},{"start":{"line":54,"column":25},"end":{"line":54,"column":39}},{"start":{"line":55,"column":14},"end":{"line":82,"column":20}}],"line":54},"2":{"loc":{"start":{"line":56,"column":17},"end":{"line":66,"column":17}},"type":"binary-expr","locations":[{"start":{"line":56,"column":17},"end":{"line":56,"column":75}},{"start":{"line":57,"column":18},"end":{"line":65,"column":20}}],"line":56},"3":{"loc":{"start":{"line":67,"column":17},"end":{"line":77,"column":17}},"type":"binary-expr","locations":[{"start":{"line":67,"column":17},"end":{"line":67,"column":66}},{"start":{"line":68,"column":18},"end":{"line":76,"column":20}}],"line":67},"4":{"loc":{"start":{"line":85,"column":13},"end":{"line":114,"column":13}},"type":"binary-expr","locations":[{"start":{"line":85,"column":13},"end":{"line":85,"column":21}},{"start":{"line":85,"column":25},"end":{"line":85,"column":39}},{"start":{"line":86,"column":14},"end":{"line":113,"column":20}}],"line":85},"5":{"loc":{"start":{"line":87,"column":17},"end":{"line":97,"column":17}},"type":"binary-expr","locations":[{"start":{"line":87,"column":17},"end":{"line":87,"column":75}},{"start":{"line":88,"column":18},"end":{"line":96,"column":20}}],"line":87},"6":{"loc":{"start":{"line":98,"column":17},"end":{"line":108,"column":17}},"type":"binary-expr","locations":[{"start":{"line":98,"column":17},"end":{"line":98,"column":66}},{"start":{"line":99,"column":18},"end":{"line":107,"column":20}}],"line":98},"7":{"loc":{"start":{"line":116,"column":13},"end":{"line":145,"column":13}},"type":"binary-expr","locations":[{"start":{"line":116,"column":13},"end":{"line":116,"column":21}},{"start":{"line":116,"column":25},"end":{"line":116,"column":39}},{"start":{"line":117,"column":14},"end":{"line":144,"column":20}}],"line":116},"8":{"loc":{"start":{"line":118,"column":17},"end":{"line":128,"column":17}},"type":"binary-expr","locations":[{"start":{"line":118,"column":17},"end":{"line":118,"column":75}},{"start":{"line":119,"column":18},"end":{"line":127,"column":20}}],"line":118},"9":{"loc":{"start":{"line":129,"column":17},"end":{"line":139,"column":17}},"type":"binary-expr","locations":[{"start":{"line":129,"column":17},"end":{"line":129,"column":66}},{"start":{"line":130,"column":18},"end":{"line":138,"column":20}}],"line":129},"10":{"loc":{"start":{"line":147,"column":13},"end":{"line":176,"column":13}},"type":"binary-expr","locations":[{"start":{"line":147,"column":13},"end":{"line":147,"column":21}},{"start":{"line":147,"column":25},"end":{"line":147,"column":39}},{"start":{"line":148,"column":14},"end":{"line":175,"column":20}}],"line":147},"11":{"loc":{"start":{"line":149,"column":17},"end":{"line":159,"column":17}},"type":"binary-expr","locations":[{"start":{"line":149,"column":17},"end":{"line":149,"column":75}},{"start":{"line":150,"column":18},"end":{"line":158,"column":20}}],"line":149},"12":{"loc":{"start":{"line":160,"column":17},"end":{"line":170,"column":17}},"type":"binary-expr","locations":[{"start":{"line":160,"column":17},"end":{"line":160,"column":66}},{"start":{"line":161,"column":18},"end":{"line":169,"column":20}}],"line":160}},"s":{"0":1,"1":0,"2":0,"3":0,"4":0,"5":0,"6":0,"7":0,"8":0,"9":0,"10":0,"11":0,"12":0,"13":0,"14":0,"15":0,"16":0,"17":0,"18":0,"19":0,"20":0,"21":0,"22":0,"23":0,"24":0,"25":0,"26":0,"27":0},"f":{"0":0,"1":0,"2":0},"b":{"0":[0,0],"1":[0,0,0],"2":[0,0],"3":[0,0],"4":[0,0,0],"5":[0,0],"6":[0,0],"7":[0,0,0],"8":[0,0],"9":[0,0],"10":[0,0,0],"11":[0,0],"12":[0,0]},"_coverageSchema":"1a1c01bbd47fc00a2c39e90264f33305004495a9","hash":"b1549ff08aca21eee935bf1853437a2b0053874d"}
,"/Users/kim/Google Drive/Hack Reactor/3. Juniors/Repos/project-catwalk/client/src/components/review/Reviews.jsx": {"path":"/Users/kim/Google Drive/Hack Reactor/3. Juniors/Repos/project-catwalk/client/src/components/review/Reviews.jsx","statementMap":{"0":{"start":{"line":10,"column":16},"end":{"line":59,"column":1}},"1":{"start":{"line":11,"column":54},"end":{"line":11,"column":64}},"2":{"start":{"line":12,"column":48},"end":{"line":12,"column":58}},"3":{"start":{"line":13,"column":44},"end":{"line":13,"column":56}},"4":{"start":{"line":14,"column":32},"end":{"line":14,"column":47}},"5":{"start":{"line":15,"column":32},"end":{"line":15,"column":47}},"6":{"start":{"line":16,"column":32},"end":{"line":16,"column":47}},"7":{"start":{"line":17,"column":32},"end":{"line":17,"column":47}},"8":{"start":{"line":18,"column":32},"end":{"line":18,"column":47}},"9":{"start":{"line":20,"column":41},"end":{"line":20,"column":63}},"10":{"start":{"line":22,"column":2},"end":{"line":25,"column":18}},"11":{"start":{"line":23,"column":4},"end":{"line":23,"column":51}},"12":{"start":{"line":24,"column":4},"end":{"line":24,"column":52}},"13":{"start":{"line":27,"column":2},"end":{"line":58,"column":4}}},"fnMap":{"0":{"name":"(anonymous_0)","decl":{"start":{"line":10,"column":16},"end":{"line":10,"column":17}},"loc":{"start":{"line":10,"column":22},"end":{"line":59,"column":1}},"line":10},"1":{"name":"(anonymous_1)","decl":{"start":{"line":22,"column":12},"end":{"line":22,"column":13}},"loc":{"start":{"line":22,"column":18},"end":{"line":25,"column":3}},"line":22}},"branchMap":{"0":{"loc":{"start":{"line":29,"column":7},"end":{"line":56,"column":9}},"type":"binary-expr","locations":[{"start":{"line":29,"column":7},"end":{"line":29,"column":25}},{"start":{"line":29,"column":29},"end":{"line":29,"column":44}},{"start":{"line":31,"column":10},"end":{"line":55,"column":13}}],"line":29}},"s":{"0":1,"1":4,"2":4,"3":4,"4":4,"5":4,"6":4,"7":4,"8":4,"9":4,"10":4,"11":4,"12":4,"13":4},"f":{"0":4,"1":4},"b":{"0":[4,0,0]},"_coverageSchema":"1a1c01bbd47fc00a2c39e90264f33305004495a9","hash":"dd1f1066cddc353d6fc96bab8bb0e52b3e6c9478"}
,"/Users/kim/Google Drive/Hack Reactor/3. Juniors/Repos/project-catwalk/client/src/components/review/ReviewsAddPhotos.jsx": {"path":"/Users/kim/Google Drive/Hack Reactor/3. Juniors/Repos/project-catwalk/client/src/components/review/ReviewsAddPhotos.jsx","statementMap":{"0":{"start":{"line":6,"column":25},"end":{"line":27,"column":1}},"1":{"start":{"line":7,"column":2},"end":{"line":26,"column":9}},"2":{"start":{"line":14,"column":8},"end":{"line":22,"column":14}}},"fnMap":{"0":{"name":"(anonymous_0)","decl":{"start":{"line":6,"column":25},"end":{"line":6,"column":26}},"loc":{"start":{"line":7,"column":2},"end":{"line":26,"column":9}},"line":7},"1":{"name":"(anonymous_1)","decl":{"start":{"line":13,"column":32},"end":{"line":13,"column":33}},"loc":{"start":{"line":14,"column":8},"end":{"line":22,"column":14}},"line":14}},"branchMap":{"0":{"loc":{"start":{"line":11,"column":5},"end":{"line":25,"column":5}},"type":"binary-expr","locations":[{"start":{"line":11,"column":5},"end":{"line":11,"column":36}},{"start":{"line":12,"column":4},"end":{"line":24,"column":10}}],"line":11}},"s":{"0":1,"1":0,"2":0},"f":{"0":0,"1":0},"b":{"0":[0,0]},"_coverageSchema":"1a1c01bbd47fc00a2c39e90264f33305004495a9","hash":"ae7cf03f43f00cd94320403e3cb5f5b071f86c1a"}
,"/Users/kim/Google Drive/Hack Reactor/3. Juniors/Repos/project-catwalk/client/src/components/review/ReviewsBreakdown.jsx": {"path":"/Users/kim/Google Drive/Hack Reactor/3. Juniors/Repos/project-catwalk/client/src/components/review/ReviewsBreakdown.jsx","statementMap":{"0":{"start":{"line":13,"column":25},"end":{"line":36,"column":1}},"1":{"start":{"line":14,"column":2},"end":{"line":35,"column":8}}},"fnMap":{"0":{"name":"(anonymous_0)","decl":{"start":{"line":13,"column":25},"end":{"line":13,"column":26}},"loc":{"start":{"line":14,"column":2},"end":{"line":35,"column":8}},"line":14}},"branchMap":{},"s":{"0":1,"1":0},"f":{"0":0},"b":{},"_coverageSchema":"1a1c01bbd47fc00a2c39e90264f33305004495a9","hash":"ff5ca1a1a7f0277eb1d2c345f40ee45a43585f71"}
,"/Users/kim/Google Drive/Hack Reactor/3. Juniors/Repos/project-catwalk/client/src/components/review/ReviewsChars.jsx": {"path":"/Users/kim/Google Drive/Hack Reactor/3. Juniors/Repos/project-catwalk/client/src/components/review/ReviewsChars.jsx","statementMap":{"0":{"start":{"line":13,"column":21},"end":{"line":22,"column":1}},"1":{"start":{"line":14,"column":2},"end":{"line":21,"column":8}}},"fnMap":{"0":{"name":"(anonymous_0)","decl":{"start":{"line":13,"column":21},"end":{"line":13,"column":22}},"loc":{"start":{"line":14,"column":2},"end":{"line":21,"column":8}},"line":14}},"branchMap":{"0":{"loc":{"start":{"line":15,"column":5},"end":{"line":15,"column":87}},"type":"binary-expr","locations":[{"start":{"line":15,"column":5},"end":{"line":15,"column":40}},{"start":{"line":15,"column":45},"end":{"line":15,"column":86}}],"line":15},"1":{"loc":{"start":{"line":16,"column":5},"end":{"line":16,"column":93}},"type":"binary-expr","locations":[{"start":{"line":16,"column":5},"end":{"line":16,"column":43}},{"start":{"line":16,"column":48},"end":{"line":16,"column":92}}],"line":16},"2":{"loc":{"start":{"line":17,"column":5},"end":{"line":17,"column":89}},"type":"binary-expr","locations":[{"start":{"line":17,"column":5},"end":{"line":17,"column":41}},{"start":{"line":17,"column":46},"end":{"line":17,"column":88}}],"line":17},"3":{"loc":{"start":{"line":18,"column":5},"end":{"line":18,"column":93}},"type":"binary-expr","locations":[{"start":{"line":18,"column":5},"end":{"line":18,"column":43}},{"start":{"line":18,"column":48},"end":{"line":18,"column":92}}],"line":18},"4":{"loc":{"start":{"line":19,"column":5},"end":{"line":19,"column":91}},"type":"binary-expr","locations":[{"start":{"line":19,"column":5},"end":{"line":19,"column":42}},{"start":{"line":19,"column":47},"end":{"line":19,"column":90}}],"line":19},"5":{"loc":{"start":{"line":20,"column":5},"end":{"line":20,"column":85}},"type":"binary-expr","locations":[{"start":{"line":20,"column":5},"end":{"line":20,"column":39}},{"start":{"line":20,"column":44},"end":{"line":20,"column":84}}],"line":20}},"s":{"0":1,"1":1},"f":{"0":1},"b":{"0":[1,0],"1":[1,1],"2":[1,0],"3":[1,1],"4":[1,1],"5":[1,1]},"_coverageSchema":"1a1c01bbd47fc00a2c39e90264f33305004495a9","hash":"1578561998a39c8df8eacaa6b24004faef05151c"}
,"/Users/kim/Google Drive/Hack Reactor/3. Juniors/Repos/project-catwalk/client/src/components/review/ReviewsComfort.jsx": {"path":"/Users/kim/Google Drive/Hack Reactor/3. Juniors/Repos/project-catwalk/client/src/components/review/ReviewsComfort.jsx","statementMap":{"0":{"start":{"line":6,"column":23},"end":{"line":51,"column":1}},"1":{"start":{"line":7,"column":23},"end":{"line":7,"column":86}},"2":{"start":{"line":9,"column":2},"end":{"line":50,"column":4}}},"fnMap":{"0":{"name":"(anonymous_0)","decl":{"start":{"line":6,"column":23},"end":{"line":6,"column":24}},"loc":{"start":{"line":6,"column":34},"end":{"line":51,"column":1}},"line":6}},"branchMap":{"0":{"loc":{"start":{"line":12,"column":7},"end":{"line":16,"column":7}},"type":"binary-expr","locations":[{"start":{"line":12,"column":7},"end":{"line":12,"column":25}},{"start":{"line":13,"column":6},"end":{"line":15,"column":12}}],"line":12},"1":{"loc":{"start":{"line":17,"column":7},"end":{"line":21,"column":7}},"type":"binary-expr","locations":[{"start":{"line":17,"column":7},"end":{"line":17,"column":26}},{"start":{"line":17,"column":30},"end":{"line":17,"column":48}},{"start":{"line":18,"column":6},"end":{"line":20,"column":12}}],"line":17},"2":{"loc":{"start":{"line":22,"column":7},"end":{"line":26,"column":7}},"type":"binary-expr","locations":[{"start":{"line":22,"column":7},"end":{"line":22,"column":26}},{"start":{"line":22,"column":30},"end":{"line":22,"column":48}},{"start":{"line":23,"column":6},"end":{"line":25,"column":12}}],"line":22},"3":{"loc":{"start":{"line":27,"column":7},"end":{"line":31,"column":7}},"type":"binary-expr","locations":[{"start":{"line":27,"column":7},"end":{"line":27,"column":26}},{"start":{"line":27,"column":30},"end":{"line":27,"column":48}},{"start":{"line":28,"column":6},"end":{"line":30,"column":12}}],"line":27},"4":{"loc":{"start":{"line":32,"column":7},"end":{"line":36,"column":7}},"type":"binary-expr","locations":[{"start":{"line":32,"column":7},"end":{"line":32,"column":26}},{"start":{"line":33,"column":6},"end":{"line":35,"column":12}}],"line":32}},"s":{"0":1,"1":1,"2":1},"f":{"0":1},"b":{"0":[1,0],"1":[1,1,0],"2":[1,1,1],"3":[1,0,0],"4":[1,0]},"_coverageSchema":"1a1c01bbd47fc00a2c39e90264f33305004495a9","hash":"80518762718c17af32ce5b79f6c3ed6c32771666"}
,"/Users/kim/Google Drive/Hack Reactor/3. Juniors/Repos/project-catwalk/client/src/components/review/ReviewsFilter.jsx": {"path":"/Users/kim/Google Drive/Hack Reactor/3. Juniors/Repos/project-catwalk/client/src/components/review/ReviewsFilter.jsx","statementMap":{"0":{"start":{"line":14,"column":22},"end":{"line":149,"column":1}},"1":{"start":{"line":15,"column":21},"end":{"line":22,"column":3}},"2":{"start":{"line":16,"column":18},"end":{"line":16,"column":39}},"3":{"start":{"line":17,"column":19},"end":{"line":17,"column":44}},"4":{"start":{"line":18,"column":4},"end":{"line":20,"column":5}},"5":{"start":{"line":19,"column":6},"end":{"line":19,"column":15}},"6":{"start":{"line":21,"column":4},"end":{"line":21,"column":47}},"7":{"start":{"line":24,"column":22},"end":{"line":24,"column":59}},"8":{"start":{"line":25,"column":22},"end":{"line":25,"column":59}},"9":{"start":{"line":26,"column":22},"end":{"line":26,"column":59}},"10":{"start":{"line":27,"column":22},"end":{"line":27,"column":59}},"11":{"start":{"line":28,"column":22},"end":{"line":28,"column":59}},"12":{"start":{"line":30,"column":23},"end":{"line":47,"column":3}},"13":{"start":{"line":31,"column":20},"end":{"line":31,"column":22}},"14":{"start":{"line":32,"column":12},"end":{"line":32,"column":13}},"15":{"start":{"line":33,"column":16},"end":{"line":33,"column":30}},"16":{"start":{"line":35,"column":4},"end":{"line":46,"column":5}},"17":{"start":{"line":36,"column":6},"end":{"line":36,"column":39}},"18":{"start":{"line":37,"column":6},"end":{"line":37,"column":33}},"19":{"start":{"line":38,"column":6},"end":{"line":38,"column":29}},"20":{"start":{"line":39,"column":6},"end":{"line":39,"column":33}},"21":{"start":{"line":40,"column":6},"end":{"line":40,"column":27}},"22":{"start":{"line":42,"column":6},"end":{"line":42,"column":39}},"23":{"start":{"line":43,"column":6},"end":{"line":43,"column":26}},"24":{"start":{"line":44,"column":6},"end":{"line":44,"column":33}},"25":{"start":{"line":45,"column":6},"end":{"line":45,"column":26}},"26":{"start":{"line":49,"column":29},"end":{"line":63,"column":3}},"27":{"start":{"line":50,"column":15},"end":{"line":50,"column":26}},"28":{"start":{"line":52,"column":4},"end":{"line":62,"column":5}},"29":{"start":{"line":53,"column":6},"end":{"line":53,"column":42}},"30":{"start":{"line":54,"column":11},"end":{"line":62,"column":5}},"31":{"start":{"line":55,"column":6},"end":{"line":55,"column":42}},"32":{"start":{"line":56,"column":11},"end":{"line":62,"column":5}},"33":{"start":{"line":57,"column":6},"end":{"line":57,"column":42}},"34":{"start":{"line":58,"column":11},"end":{"line":62,"column":5}},"35":{"start":{"line":59,"column":6},"end":{"line":59,"column":42}},"36":{"start":{"line":60,"column":11},"end":{"line":62,"column":5}},"37":{"start":{"line":61,"column":6},"end":{"line":61,"column":42}},"38":{"start":{"line":65,"column":2},"end":{"line":148,"column":4}}},"fnMap":{"0":{"name":"(anonymous_0)","decl":{"start":{"line":14,"column":22},"end":{"line":14,"column":23}},"loc":{"start":{"line":14,"column":33},"end":{"line":149,"column":1}},"line":14},"1":{"name":"(anonymous_1)","decl":{"start":{"line":15,"column":21},"end":{"line":15,"column":22}},"loc":{"start":{"line":15,"column":36},"end":{"line":22,"column":3}},"line":15},"2":{"name":"(anonymous_2)","decl":{"start":{"line":30,"column":23},"end":{"line":30,"column":24}},"loc":{"start":{"line":30,"column":50},"end":{"line":47,"column":3}},"line":30},"3":{"name":"(anonymous_3)","decl":{"start":{"line":49,"column":29},"end":{"line":49,"column":30}},"loc":{"start":{"line":49,"column":36},"end":{"line":63,"column":3}},"line":49}},"branchMap":{"0":{"loc":{"start":{"line":18,"column":4},"end":{"line":20,"column":5}},"type":"if","locations":[{"start":{"line":18,"column":4},"end":{"line":20,"column":5}},{"start":{"line":18,"column":4},"end":{"line":20,"column":5}}],"line":18},"1":{"loc":{"start":{"line":35,"column":4},"end":{"line":46,"column":5}},"type":"if","locations":[{"start":{"line":35,"column":4},"end":{"line":46,"column":5}},{"start":{"line":35,"column":4},"end":{"line":46,"column":5}}],"line":35},"2":{"loc":{"start":{"line":52,"column":4},"end":{"line":62,"column":5}},"type":"if","locations":[{"start":{"line":52,"column":4},"end":{"line":62,"column":5}},{"start":{"line":52,"column":4},"end":{"line":62,"column":5}}],"line":52},"3":{"loc":{"start":{"line":54,"column":11},"end":{"line":62,"column":5}},"type":"if","locations":[{"start":{"line":54,"column":11},"end":{"line":62,"column":5}},{"start":{"line":54,"column":11},"end":{"line":62,"column":5}}],"line":54},"4":{"loc":{"start":{"line":56,"column":11},"end":{"line":62,"column":5}},"type":"if","locations":[{"start":{"line":56,"column":11},"end":{"line":62,"column":5}},{"start":{"line":56,"column":11},"end":{"line":62,"column":5}}],"line":56},"5":{"loc":{"start":{"line":58,"column":11},"end":{"line":62,"column":5}},"type":"if","locations":[{"start":{"line":58,"column":11},"end":{"line":62,"column":5}},{"start":{"line":58,"column":11},"end":{"line":62,"column":5}}],"line":58},"6":{"loc":{"start":{"line":60,"column":11},"end":{"line":62,"column":5}},"type":"if","locations":[{"start":{"line":60,"column":11},"end":{"line":62,"column":5}},{"start":{"line":60,"column":11},"end":{"line":62,"column":5}}],"line":60},"7":{"loc":{"start":{"line":67,"column":7},"end":{"line":74,"column":7}},"type":"binary-expr","locations":[{"start":{"line":67,"column":7},"end":{"line":67,"column":30}},{"start":{"line":68,"column":6},"end":{"line":73,"column":12}}],"line":67},"8":{"loc":{"start":{"line":75,"column":7},"end":{"line":82,"column":7}},"type":"binary-expr","locations":[{"start":{"line":75,"column":7},"end":{"line":75,"column":29}},{"start":{"line":76,"column":6},"end":{"line":81,"column":12}}],"line":75},"9":{"loc":{"start":{"line":83,"column":7},"end":{"line":90,"column":7}},"type":"binary-expr","locations":[{"start":{"line":83,"column":7},"end":{"line":83,"column":30}},{"start":{"line":84,"column":6},"end":{"line":89,"column":12}}],"line":83},"10":{"loc":{"start":{"line":91,"column":7},"end":{"line":98,"column":7}},"type":"binary-expr","locations":[{"start":{"line":91,"column":7},"end":{"line":91,"column":29}},{"start":{"line":92,"column":8},"end":{"line":97,"column":14}}],"line":91},"11":{"loc":{"start":{"line":99,"column":7},"end":{"line":106,"column":7}},"type":"binary-expr","locations":[{"start":{"line":99,"column":7},"end":{"line":99,"column":30}},{"start":{"line":100,"column":6},"end":{"line":105,"column":12}}],"line":99},"12":{"loc":{"start":{"line":107,"column":7},"end":{"line":114,"column":7}},"type":"binary-expr","locations":[{"start":{"line":107,"column":7},"end":{"line":107,"column":29}},{"start":{"line":108,"column":8},"end":{"line":113,"column":14}}],"line":107},"13":{"loc":{"start":{"line":115,"column":7},"end":{"line":122,"column":7}},"type":"binary-expr","locations":[{"start":{"line":115,"column":7},"end":{"line":115,"column":30}},{"start":{"line":116,"column":6},"end":{"line":121,"column":12}}],"line":115},"14":{"loc":{"start":{"line":123,"column":7},"end":{"line":130,"column":7}},"type":"binary-expr","locations":[{"start":{"line":123,"column":7},"end":{"line":123,"column":29}},{"start":{"line":124,"column":6},"end":{"line":129,"column":12}}],"line":123},"15":{"loc":{"start":{"line":131,"column":7},"end":{"line":138,"column":7}},"type":"binary-expr","locations":[{"start":{"line":131,"column":7},"end":{"line":131,"column":30}},{"start":{"line":132,"column":6},"end":{"line":137,"column":12}}],"line":131},"16":{"loc":{"start":{"line":139,"column":7},"end":{"line":146,"column":7}},"type":"binary-expr","locations":[{"start":{"line":139,"column":7},"end":{"line":139,"column":29}},{"start":{"line":140,"column":6},"end":{"line":145,"column":12}}],"line":139}},"s":{"0":1,"1":0,"2":0,"3":0,"4":0,"5":0,"6":0,"7":0,"8":0,"9":0,"10":0,"11":0,"12":0,"13":0,"14":0,"15":0,"16":0,"17":0,"18":0,"19":0,"20":0,"21":0,"22":0,"23":0,"24":0,"25":0,"26":0,"27":0,"28":0,"29":0,"30":0,"31":0,"32":0,"33":0,"34":0,"35":0,"36":0,"37":0,"38":0},"f":{"0":0,"1":0,"2":0,"3":0},"b":{"0":[0,0],"1":[0,0],"2":[0,0],"3":[0,0],"4":[0,0],"5":[0,0],"6":[0,0],"7":[0,0],"8":[0,0],"9":[0,0],"10":[0,0],"11":[0,0],"12":[0,0],"13":[0,0],"14":[0,0],"15":[0,0],"16":[0,0]},"_coverageSchema":"1a1c01bbd47fc00a2c39e90264f33305004495a9","hash":"7cc9934d03be0d76176579de07793303c9c3124b"}
,"/Users/kim/Google Drive/Hack Reactor/3. Juniors/Repos/project-catwalk/client/src/components/review/ReviewsFit.jsx": {"path":"/Users/kim/Google Drive/Hack Reactor/3. Juniors/Repos/project-catwalk/client/src/components/review/ReviewsFit.jsx","statementMap":{"0":{"start":{"line":6,"column":19},"end":{"line":51,"column":1}},"1":{"start":{"line":7,"column":19},"end":{"line":7,"column":78}},"2":{"start":{"line":9,"column":2},"end":{"line":50,"column":4}}},"fnMap":{"0":{"name":"(anonymous_0)","decl":{"start":{"line":6,"column":19},"end":{"line":6,"column":20}},"loc":{"start":{"line":6,"column":30},"end":{"line":51,"column":1}},"line":6}},"branchMap":{"0":{"loc":{"start":{"line":12,"column":7},"end":{"line":16,"column":7}},"type":"binary-expr","locations":[{"start":{"line":12,"column":7},"end":{"line":12,"column":21}},{"start":{"line":13,"column":6},"end":{"line":15,"column":12}}],"line":12},"1":{"loc":{"start":{"line":17,"column":7},"end":{"line":21,"column":7}},"type":"binary-expr","locations":[{"start":{"line":17,"column":7},"end":{"line":17,"column":22}},{"start":{"line":17,"column":26},"end":{"line":17,"column":40}},{"start":{"line":18,"column":6},"end":{"line":20,"column":12}}],"line":17},"2":{"loc":{"start":{"line":22,"column":7},"end":{"line":26,"column":7}},"type":"binary-expr","locations":[{"start":{"line":22,"column":7},"end":{"line":22,"column":22}},{"start":{"line":22,"column":26},"end":{"line":22,"column":40}},{"start":{"line":23,"column":6},"end":{"line":25,"column":12}}],"line":22},"3":{"loc":{"start":{"line":27,"column":7},"end":{"line":31,"column":7}},"type":"binary-expr","locations":[{"start":{"line":27,"column":7},"end":{"line":27,"column":22}},{"start":{"line":27,"column":26},"end":{"line":27,"column":40}},{"start":{"line":28,"column":6},"end":{"line":30,"column":12}}],"line":27},"4":{"loc":{"start":{"line":32,"column":7},"end":{"line":36,"column":7}},"type":"binary-expr","locations":[{"start":{"line":32,"column":7},"end":{"line":32,"column":22}},{"start":{"line":33,"column":6},"end":{"line":35,"column":12}}],"line":32}},"s":{"0":1,"1":1,"2":1},"f":{"0":1},"b":{"0":[1,0],"1":[1,1,0],"2":[1,1,1],"3":[1,0,0],"4":[1,0]},"_coverageSchema":"1a1c01bbd47fc00a2c39e90264f33305004495a9","hash":"db2d5914ee553293d80e00eefa053ea154900af7"}
,"/Users/kim/Google Drive/Hack Reactor/3. Juniors/Repos/project-catwalk/client/src/components/review/ReviewsForm.jsx": {"path":"/Users/kim/Google Drive/Hack Reactor/3. Juniors/Repos/project-catwalk/client/src/components/review/ReviewsForm.jsx","statementMap":{"0":{"start":{"line":15,"column":20},"end":{"line":388,"column":1}},"1":{"start":{"line":18,"column":6},"end":{"line":18,"column":28}},"2":{"start":{"line":20,"column":48},"end":{"line":20,"column":73}},"3":{"start":{"line":21,"column":50},"end":{"line":21,"column":75}},"4":{"start":{"line":22,"column":54},"end":{"line":22,"column":79}},"5":{"start":{"line":23,"column":54},"end":{"line":23,"column":79}},"6":{"start":{"line":24,"column":52},"end":{"line":24,"column":77}},"7":{"start":{"line":25,"column":46},"end":{"line":25,"column":71}},"8":{"start":{"line":27,"column":30},"end":{"line":27,"column":41}},"9":{"start":{"line":28,"column":32},"end":{"line":28,"column":72}},"10":{"start":{"line":29,"column":26},"end":{"line":29,"column":74}},"11":{"start":{"line":30,"column":36},"end":{"line":30,"column":46}},"12":{"start":{"line":31,"column":26},"end":{"line":31,"column":57}},"13":{"start":{"line":32,"column":28},"end":{"line":32,"column":59}},"14":{"start":{"line":33,"column":48},"end":{"line":33,"column":60}},"15":{"start":{"line":35,"column":26},"end":{"line":35,"column":41}},"16":{"start":{"line":36,"column":46},"end":{"line":36,"column":58}},"17":{"start":{"line":38,"column":21},"end":{"line":40,"column":3}},"18":{"start":{"line":39,"column":4},"end":{"line":39,"column":18}},"19":{"start":{"line":42,"column":22},"end":{"line":44,"column":3}},"20":{"start":{"line":43,"column":4},"end":{"line":43,"column":19}},"21":{"start":{"line":46,"column":20},"end":{"line":55,"column":4}},"22":{"start":{"line":57,"column":18},"end":{"line":57,"column":29}},"23":{"start":{"line":59,"column":16},"end":{"line":59,"column":53}},"24":{"start":{"line":61,"column":28},"end":{"line":104,"column":3}},"25":{"start":{"line":106,"column":25},"end":{"line":136,"column":3}},"26":{"start":{"line":107,"column":21},"end":{"line":107,"column":34}},"27":{"start":{"line":108,"column":22},"end":{"line":108,"column":44}},"28":{"start":{"line":109,"column":20},"end":{"line":109,"column":35}},"29":{"start":{"line":111,"column":4},"end":{"line":135,"column":5}},"30":{"start":{"line":112,"column":6},"end":{"line":112,"column":65}},"31":{"start":{"line":113,"column":6},"end":{"line":113,"column":41}},"32":{"start":{"line":114,"column":6},"end":{"line":114,"column":34}},"33":{"start":{"line":115,"column":11},"end":{"line":135,"column":5}},"34":{"start":{"line":116,"column":6},"end":{"line":116,"column":66}},"35":{"start":{"line":117,"column":6},"end":{"line":117,"column":42}},"36":{"start":{"line":118,"column":6},"end":{"line":118,"column":34}},"37":{"start":{"line":119,"column":11},"end":{"line":135,"column":5}},"38":{"start":{"line":120,"column":6},"end":{"line":120,"column":68}},"39":{"start":{"line":121,"column":6},"end":{"line":121,"column":44}},"40":{"start":{"line":122,"column":6},"end":{"line":122,"column":34}},"41":{"start":{"line":123,"column":11},"end":{"line":135,"column":5}},"42":{"start":{"line":124,"column":6},"end":{"line":124,"column":68}},"43":{"start":{"line":125,"column":6},"end":{"line":125,"column":44}},"44":{"start":{"line":126,"column":6},"end":{"line":126,"column":34}},"45":{"start":{"line":127,"column":11},"end":{"line":135,"column":5}},"46":{"start":{"line":128,"column":6},"end":{"line":128,"column":67}},"47":{"start":{"line":129,"column":6},"end":{"line":129,"column":43}},"48":{"start":{"line":130,"column":6},"end":{"line":130,"column":34}},"49":{"start":{"line":131,"column":11},"end":{"line":135,"column":5}},"50":{"start":{"line":132,"column":6},"end":{"line":132,"column":64}},"51":{"start":{"line":133,"column":6},"end":{"line":133,"column":40}},"52":{"start":{"line":134,"column":6},"end":{"line":134,"column":34}},"53":{"start":{"line":138,"column":19},"end":{"line":138,"column":33}},"54":{"start":{"line":140,"column":22},"end":{"line":150,"column":3}},"55":{"start":{"line":152,"column":21},"end":{"line":155,"column":3}},"56":{"start":{"line":153,"column":4},"end":{"line":153,"column":25}},"57":{"start":{"line":154,"column":4},"end":{"line":154,"column":39}},"58":{"start":{"line":157,"column":24},"end":{"line":157,"column":42}},"59":{"start":{"line":159,"column":28},"end":{"line":173,"column":3}},"60":{"start":{"line":160,"column":17},"end":{"line":160,"column":31}},"61":{"start":{"line":161,"column":4},"end":{"line":172,"column":5}},"62":{"start":{"line":162,"column":21},"end":{"line":162,"column":37}},"63":{"start":{"line":163,"column":26},"end":{"line":163,"column":39}},"64":{"start":{"line":164,"column":6},"end":{"line":164,"column":26}},"65":{"start":{"line":165,"column":6},"end":{"line":167,"column":8}},"66":{"start":{"line":166,"column":8},"end":{"line":166,"column":39}},"67":{"start":{"line":168,"column":6},"end":{"line":168,"column":33}},"68":{"start":{"line":169,"column":24},"end":{"line":169,"column":46}},"69":{"start":{"line":170,"column":6},"end":{"line":170,"column":27}},"70":{"start":{"line":171,"column":6},"end":{"line":171,"column":35}},"71":{"start":{"line":175,"column":2},"end":{"line":387,"column":4}},"72":{"start":{"line":196,"column":88},"end":{"line":196,"column":106}},"73":{"start":{"line":199,"column":86},"end":{"line":199,"column":105}},"74":{"start":{"line":340,"column":120},"end":{"line":340,"column":146}},"75":{"start":{"line":345,"column":131},"end":{"line":345,"column":154}},"76":{"start":{"line":357,"column":27},"end":{"line":357,"column":61}},"77":{"start":{"line":371,"column":118},"end":{"line":371,"column":141}},"78":{"start":{"line":377,"column":116},"end":{"line":377,"column":140}}},"fnMap":{"0":{"name":"(anonymous_0)","decl":{"start":{"line":15,"column":20},"end":{"line":15,"column":21}},"loc":{"start":{"line":15,"column":31},"end":{"line":388,"column":1}},"line":15},"1":{"name":"(anonymous_1)","decl":{"start":{"line":38,"column":21},"end":{"line":38,"column":22}},"loc":{"start":{"line":38,"column":27},"end":{"line":40,"column":3}},"line":38},"2":{"name":"(anonymous_2)","decl":{"start":{"line":42,"column":22},"end":{"line":42,"column":23}},"loc":{"start":{"line":42,"column":28},"end":{"line":44,"column":3}},"line":42},"3":{"name":"(anonymous_3)","decl":{"start":{"line":106,"column":25},"end":{"line":106,"column":26}},"loc":{"start":{"line":106,"column":32},"end":{"line":136,"column":3}},"line":106},"4":{"name":"(anonymous_4)","decl":{"start":{"line":152,"column":21},"end":{"line":152,"column":22}},"loc":{"start":{"line":152,"column":27},"end":{"line":155,"column":3}},"line":152},"5":{"name":"(anonymous_5)","decl":{"start":{"line":159,"column":28},"end":{"line":159,"column":29}},"loc":{"start":{"line":159,"column":35},"end":{"line":173,"column":3}},"line":159},"6":{"name":"(anonymous_6)","decl":{"start":{"line":165,"column":22},"end":{"line":165,"column":23}},"loc":{"start":{"line":165,"column":30},"end":{"line":167,"column":7}},"line":165},"7":{"name":"(anonymous_7)","decl":{"start":{"line":196,"column":82},"end":{"line":196,"column":83}},"loc":{"start":{"line":196,"column":88},"end":{"line":196,"column":106}},"line":196},"8":{"name":"(anonymous_8)","decl":{"start":{"line":199,"column":80},"end":{"line":199,"column":81}},"loc":{"start":{"line":199,"column":86},"end":{"line":199,"column":105}},"line":199},"9":{"name":"(anonymous_9)","decl":{"start":{"line":340,"column":113},"end":{"line":340,"column":114}},"loc":{"start":{"line":340,"column":120},"end":{"line":340,"column":146}},"line":340},"10":{"name":"(anonymous_10)","decl":{"start":{"line":345,"column":124},"end":{"line":345,"column":125}},"loc":{"start":{"line":345,"column":131},"end":{"line":345,"column":154}},"line":345},"11":{"name":"(anonymous_11)","decl":{"start":{"line":357,"column":21},"end":{"line":357,"column":22}},"loc":{"start":{"line":357,"column":27},"end":{"line":357,"column":61}},"line":357},"12":{"name":"(anonymous_12)","decl":{"start":{"line":371,"column":111},"end":{"line":371,"column":112}},"loc":{"start":{"line":371,"column":118},"end":{"line":371,"column":141}},"line":371},"13":{"name":"(anonymous_13)","decl":{"start":{"line":377,"column":109},"end":{"line":377,"column":110}},"loc":{"start":{"line":377,"column":116},"end":{"line":377,"column":140}},"line":377}},"branchMap":{"0":{"loc":{"start":{"line":111,"column":4},"end":{"line":135,"column":5}},"type":"if","locations":[{"start":{"line":111,"column":4},"end":{"line":135,"column":5}},{"start":{"line":111,"column":4},"end":{"line":135,"column":5}}],"line":111},"1":{"loc":{"start":{"line":115,"column":11},"end":{"line":135,"column":5}},"type":"if","locations":[{"start":{"line":115,"column":11},"end":{"line":135,"column":5}},{"start":{"line":115,"column":11},"end":{"line":135,"column":5}}],"line":115},"2":{"loc":{"start":{"line":119,"column":11},"end":{"line":135,"column":5}},"type":"if","locations":[{"start":{"line":119,"column":11},"end":{"line":135,"column":5}},{"start":{"line":119,"column":11},"end":{"line":135,"column":5}}],"line":119},"3":{"loc":{"start":{"line":123,"column":11},"end":{"line":135,"column":5}},"type":"if","locations":[{"start":{"line":123,"column":11},"end":{"line":135,"column":5}},{"start":{"line":123,"column":11},"end":{"line":135,"column":5}}],"line":123},"4":{"loc":{"start":{"line":127,"column":11},"end":{"line":135,"column":5}},"type":"if","locations":[{"start":{"line":127,"column":11},"end":{"line":135,"column":5}},{"start":{"line":127,"column":11},"end":{"line":135,"column":5}}],"line":127},"5":{"loc":{"start":{"line":131,"column":11},"end":{"line":135,"column":5}},"type":"if","locations":[{"start":{"line":131,"column":11},"end":{"line":135,"column":5}},{"start":{"line":131,"column":11},"end":{"line":135,"column":5}}],"line":131},"6":{"loc":{"start":{"line":161,"column":4},"end":{"line":172,"column":5}},"type":"if","locations":[{"start":{"line":161,"column":4},"end":{"line":172,"column":5}},{"start":{"line":161,"column":4},"end":{"line":172,"column":5}}],"line":161},"7":{"loc":{"start":{"line":205,"column":9},"end":{"line":225,"column":9}},"type":"binary-expr","locations":[{"start":{"line":205,"column":9},"end":{"line":205,"column":19}},{"start":{"line":206,"column":10},"end":{"line":224,"column":16}}],"line":205},"8":{"loc":{"start":{"line":227,"column":9},"end":{"line":247,"column":9}},"type":"binary-expr","locations":[{"start":{"line":227,"column":9},"end":{"line":227,"column":20}},{"start":{"line":228,"column":10},"end":{"line":246,"column":16}}],"line":227},"9":{"loc":{"start":{"line":249,"column":9},"end":{"line":269,"column":9}},"type":"binary-expr","locations":[{"start":{"line":249,"column":9},"end":{"line":249,"column":22}},{"start":{"line":250,"column":10},"end":{"line":268,"column":16}}],"line":249},"10":{"loc":{"start":{"line":271,"column":9},"end":{"line":291,"column":9}},"type":"binary-expr","locations":[{"start":{"line":271,"column":9},"end":{"line":271,"column":22}},{"start":{"line":272,"column":10},"end":{"line":290,"column":16}}],"line":271},"11":{"loc":{"start":{"line":293,"column":9},"end":{"line":313,"column":9}},"type":"binary-expr","locations":[{"start":{"line":293,"column":9},"end":{"line":293,"column":21}},{"start":{"line":294,"column":10},"end":{"line":312,"column":16}}],"line":293},"12":{"loc":{"start":{"line":315,"column":9},"end":{"line":335,"column":9}},"type":"binary-expr","locations":[{"start":{"line":315,"column":9},"end":{"line":315,"column":18}},{"start":{"line":316,"column":10},"end":{"line":334,"column":16}}],"line":315}},"s":{"0":1,"1":0,"2":0,"3":0,"4":0,"5":0,"6":0,"7":0,"8":0,"9":0,"10":0,"11":0,"12":0,"13":0,"14":0,"15":0,"16":0,"17":0,"18":0,"19":0,"20":0,"21":0,"22":0,"23":0,"24":0,"25":0,"26":0,"27":0,"28":0,"29":0,"30":0,"31":0,"32":0,"33":0,"34":0,"35":0,"36":0,"37":0,"38":0,"39":0,"40":0,"41":0,"42":0,"43":0,"44":0,"45":0,"46":0,"47":0,"48":0,"49":0,"50":0,"51":0,"52":0,"53":0,"54":0,"55":0,"56":0,"57":0,"58":0,"59":0,"60":0,"61":0,"62":0,"63":0,"64":0,"65":0,"66":0,"67":0,"68":0,"69":0,"70":0,"71":0,"72":0,"73":0,"74":0,"75":0,"76":0,"77":0,"78":0},"f":{"0":0,"1":0,"2":0,"3":0,"4":0,"5":0,"6":0,"7":0,"8":0,"9":0,"10":0,"11":0,"12":0,"13":0},"b":{"0":[0,0],"1":[0,0],"2":[0,0],"3":[0,0],"4":[0,0],"5":[0,0],"6":[0,0],"7":[0,0],"8":[0,0],"9":[0,0],"10":[0,0],"11":[0,0],"12":[0,0]},"_coverageSchema":"1a1c01bbd47fc00a2c39e90264f33305004495a9","hash":"d40c695281d0d8da6a6e0565fa689db574ca31ab"}
[...]
,"/Users/kim/Google Drive/Hack Reactor/3. Juniors/Repos/project-catwalk/client/src/components/review/ReviewsSize.jsx": {"path":"/Users/kim/Google Drive/Hack Reactor/3. Juniors/Repos/project-catwalk/client/src/components/review/ReviewsSize.jsx","statementMap":{"0":{"start":{"line":6,"column":20},"end":{"line":51,"column":1}},"1":{"start":{"line":7,"column":20},"end":{"line":7,"column":80}},"2":{"start":{"line":9,"column":2},"end":{"line":50,"column":4}}},"fnMap":{"0":{"name":"(anonymous_0)","decl":{"start":{"line":6,"column":20},"end":{"line":6,"column":21}},"loc":{"start":{"line":6,"column":31},"end":{"line":51,"column":1}},"line":6}},"branchMap":{"0":{"loc":{"start":{"line":12,"column":7},"end":{"line":16,"column":7}},"type":"binary-expr","locations":[{"start":{"line":12,"column":7},"end":{"line":12,"column":22}},{"start":{"line":13,"column":6},"end":{"line":15,"column":12}}],"line":12},"1":{"loc":{"start":{"line":17,"column":7},"end":{"line":21,"column":7}},"type":"binary-expr","locations":[{"start":{"line":17,"column":7},"end":{"line":17,"column":23}},{"start":{"line":17,"column":27},"end":{"line":17,"column":42}},{"start":{"line":18,"column":6},"end":{"line":20,"column":12}}],"line":17},"2":{"loc":{"start":{"line":22,"column":7},"end":{"line":26,"column":7}},"type":"binary-expr","locations":[{"start":{"line":22,"column":7},"end":{"line":22,"column":23}},{"start":{"line":22,"column":27},"end":{"line":22,"column":42}},{"start":{"line":23,"column":6},"end":{"line":25,"column":12}}],"line":22},"3":{"loc":{"start":{"line":27,"column":7},"end":{"line":31,"column":7}},"type":"binary-expr","locations":[{"start":{"line":27,"column":7},"end":{"line":27,"column":23}},{"start":{"line":27,"column":27},"end":{"line":27,"column":42}},{"start":{"line":28,"column":6},"end":{"line":30,"column":12}}],"line":27},"4":{"loc":{"start":{"line":32,"column":7},"end":{"line":36,"column":7}},"type":"binary-expr","locations":[{"start":{"line":32,"column":7},"end":{"line":32,"column":23}},{"start":{"line":33,"column":6},"end":{"line":35,"column":12}}],"line":32}},"s":{"0":1,"1":0,"2":0},"f":{"0":0},"b":{"0":[0,0],"1":[0,0,0],"2":[0,0,0],"3":[0,0,0],"4":[0,0]},"_coverageSchema":"1a1c01bbd47fc00a2c39e90264f33305004495a9","hash":"de66a6913c973a1c40427a188b65b1bd183f2e95"}
,"/Users/kim/Google Drive/Hack Reactor/3. Juniors/Repos/project-catwalk/client/src/components/review/ReviewsSort.jsx": {"path":"/Users/kim/Google Drive/Hack Reactor/3. Juniors/Repos/project-catwalk/client/src/components/review/ReviewsSort.jsx","statementMap":{"0":{"start":{"line":10,"column":20},"end":{"line":61,"column":1}},"1":{"start":{"line":11,"column":40},"end":{"line":11,"column":55}},"2":{"start":{"line":12,"column":40},"end":{"line":12,"column":61}},"3":{"start":{"line":14,"column":22},"end":{"line":19,"column":3}},"4":{"start":{"line":15,"column":19},"end":{"line":15,"column":37}},"5":{"start":{"line":16,"column":4},"end":{"line":16,"column":24}},"6":{"start":{"line":17,"column":4},"end":{"line":17,"column":27}},"7":{"start":{"line":18,"column":4},"end":{"line":18,"column":26}},"8":{"start":{"line":21,"column":22},"end":{"line":23,"column":3}},"9":{"start":{"line":22,"column":4},"end":{"line":22,"column":25}},"10":{"start":{"line":25,"column":22},"end":{"line":27,"column":3}},"11":{"start":{"line":26,"column":4},"end":{"line":26,"column":26}},"12":{"start":{"line":29,"column":2},"end":{"line":60,"column":4}}},"fnMap":{"0":{"name":"(anonymous_0)","decl":{"start":{"line":10,"column":20},"end":{"line":10,"column":21}},"loc":{"start":{"line":10,"column":31},"end":{"line":61,"column":1}},"line":10},"1":{"name":"(anonymous_1)","decl":{"start":{"line":14,"column":22},"end":{"line":14,"column":23}},"loc":{"start":{"line":14,"column":29},"end":{"line":19,"column":3}},"line":14},"2":{"name":"(anonymous_2)","decl":{"start":{"line":21,"column":22},"end":{"line":21,"column":23}},"loc":{"start":{"line":21,"column":28},"end":{"line":23,"column":3}},"line":21},"3":{"name":"(anonymous_3)","decl":{"start":{"line":25,"column":22},"end":{"line":25,"column":23}},"loc":{"start":{"line":25,"column":28},"end":{"line":27,"column":3}},"line":25}},"branchMap":{"0":{"loc":{"start":{"line":37,"column":9},"end":{"line":44,"column":9}},"type":"binary-expr","locations":[{"start":{"line":37,"column":9},"end":{"line":37,"column":21}},{"start":{"line":38,"column":10},"end":{"line":43,"column":16}}],"line":37},"1":{"loc":{"start":{"line":45,"column":9},"end":{"line":57,"column":9}},"type":"binary-expr","locations":[{"start":{"line":45,"column":9},"end":{"line":45,"column":20}},{"start":{"line":46,"column":10},"end":{"line":56,"column":16}}],"line":45}},"s":{"0":1,"1":0,"2":0,"3":0,"4":0,"5":0,"6":0,"7":0,"8":0,"9":0,"10":0,"11":0,"12":0},"f":{"0":0,"1":0,"2":0,"3":0},"b":{"0":[0,0],"1":[0,0]},"_coverageSchema":"1a1c01bbd47fc00a2c39e90264f33305004495a9","hash":"54f50e0e166bb1970628401c4e6855969045bb03"}
,"/Users/kim/Google Drive/Hack Reactor/3. Juniors/Repos/project-catwalk/client/src/components/review/ReviewsStars.jsx": {"path":"/Users/kim/Google Drive/Hack Reactor/3. Juniors/Repos/project-catwalk/client/src/components/review/ReviewsStars.jsx","statementMap":{"0":{"start":{"line":6,"column":21},"end":{"line":18,"column":1}},"1":{"start":{"line":7,"column":2},"end":{"line":17,"column":12}}},"fnMap":{"0":{"name":"(anonymous_0)","decl":{"start":{"line":6,"column":21},"end":{"line":6,"column":22}},"loc":{"start":{"line":7,"column":2},"end":{"line":17,"column":12}},"line":7}},"branchMap":{},"s":{"0":1,"1":0},"f":{"0":0},"b":{},"_coverageSchema":"1a1c01bbd47fc00a2c39e90264f33305004495a9","hash":"6211cd094a1a268eb88047bbfd479555a128a1aa"}
,"/Users/kim/Google Drive/Hack Reactor/3. Juniors/Repos/project-catwalk/client/src/components/review/ReviewsSummary.jsx": {"path":"/Users/kim/Google Drive/Hack Reactor/3. Juniors/Repos/project-catwalk/client/src/components/review/ReviewsSummary.jsx","statementMap":{"0":{"start":{"line":9,"column":22},"end":{"line":19,"column":1}},"1":{"start":{"line":10,"column":13},"end":{"line":10,"column":47}},"2":{"start":{"line":11,"column":14},"end":{"line":11,"column":47}},"3":{"start":{"line":13,"column":16},"end":{"line":13,"column":24}},"4":{"start":{"line":15,"column":16},"end":{"line":15,"column":51}},"5":{"start":{"line":16,"column":2},"end":{"line":16,"column":45}},"6":{"start":{"line":18,"column":2},"end":{"line":18,"column":17}},"7":{"start":{"line":21,"column":23},"end":{"line":42,"column":1}},"8":{"start":{"line":22,"column":2},"end":{"line":41,"column":8}}},"fnMap":{"0":{"name":"(anonymous_0)","decl":{"start":{"line":9,"column":22},"end":{"line":9,"column":23}},"loc":{"start":{"line":9,"column":36},"end":{"line":19,"column":1}},"line":9},"1":{"name":"(anonymous_1)","decl":{"start":{"line":21,"column":23},"end":{"line":21,"column":24}},"loc":{"start":{"line":22,"column":2},"end":{"line":41,"column":8}},"line":22}},"branchMap":{"0":{"loc":{"start":{"line":23,"column":5},"end":{"line":25,"column":5}},"type":"binary-expr","locations":[{"start":{"line":23,"column":5},"end":{"line":23,"column":41}},{"start":{"line":24,"column":6},"end":{"line":24,"column":67}}],"line":23},"1":{"loc":{"start":{"line":26,"column":5},"end":{"line":28,"column":5}},"type":"binary-expr","locations":[{"start":{"line":26,"column":5},"end":{"line":26,"column":38}},{"start":{"line":27,"column":6},"end":{"line":27,"column":37}}],"line":26},"2":{"loc":{"start":{"line":32,"column":5},"end":{"line":40,"column":5}},"type":"binary-expr","locations":[{"start":{"line":32,"column":5},"end":{"line":32,"column":41}},{"start":{"line":33,"column":6},"end":{"line":39,"column":12}}],"line":32}},"s":{"0":1,"1":1,"2":1,"3":1,"4":1,"5":1,"6":1,"7":1,"8":1},"f":{"0":1,"1":1},"b":{"0":[1,1],"1":[1,0],"2":[1,1]},"_coverageSchema":"1a1c01bbd47fc00a2c39e90264f33305004495a9","hash":"7775ad031270a47b12be120777ec0d25228ae0e7"}
,"/Users/kim/Google Drive/Hack Reactor/3. Juniors/Repos/project-catwalk/client/src/components/review/ReviewsWidth.jsx": {"path":"/Users/kim/Google Drive/Hack Reactor/3. Juniors/Repos/project-catwalk/client/src/components/review/ReviewsWidth.jsx","statementMap":{"0":{"start":{"line":6,"column":21},"end":{"line":51,"column":1}},"1":{"start":{"line":7,"column":21},"end":{"line":7,"column":82}},"2":{"start":{"line":9,"column":2},"end":{"line":50,"column":4}}},"fnMap":{"0":{"name":"(anonymous_0)","decl":{"start":{"line":6,"column":21},"end":{"line":6,"column":22}},"loc":{"start":{"line":6,"column":32},"end":{"line":51,"column":1}},"line":6}},"branchMap":{"0":{"loc":{"start":{"line":12,"column":7},"end":{"line":16,"column":7}},"type":"binary-expr","locations":[{"start":{"line":12,"column":7},"end":{"line":12,"column":23}},{"start":{"line":13,"column":6},"end":{"line":15,"column":12}}],"line":12},"1":{"loc":{"start":{"line":17,"column":7},"end":{"line":21,"column":7}},"type":"binary-expr","locations":[{"start":{"line":17,"column":7},"end":{"line":17,"column":24}},{"start":{"line":17,"column":28},"end":{"line":17,"column":44}},{"start":{"line":18,"column":6},"end":{"line":20,"column":12}}],"line":17},"2":{"loc":{"start":{"line":22,"column":7},"end":{"line":26,"column":7}},"type":"binary-expr","locations":[{"start":{"line":22,"column":7},"end":{"line":22,"column":24}},{"start":{"line":22,"column":28},"end":{"line":22,"column":44}},{"start":{"line":23,"column":6},"end":{"line":25,"column":12}}],"line":22},"3":{"loc":{"start":{"line":27,"column":7},"end":{"line":31,"column":7}},"type":"binary-expr","locations":[{"start":{"line":27,"column":7},"end":{"line":27,"column":24}},{"start":{"line":27,"column":28},"end":{"line":27,"column":44}},{"start":{"line":28,"column":6},"end":{"line":30,"column":12}}],"line":27},"4":{"loc":{"start":{"line":32,"column":7},"end":{"line":36,"column":7}},"type":"binary-expr","locations":[{"start":{"line":32,"column":7},"end":{"line":32,"column":24}},{"start":{"line":33,"column":6},"end":{"line":35,"column":12}}],"line":32}},"s":{"0":1,"1":0,"2":0},"f":{"0":0},"b":{"0":[0,0],"1":[0,0,0],"2":[0,0,0],"3":[0,0,0],"4":[0,0]},"_coverageSchema":"1a1c01bbd47fc00a2c39e90264f33305004495a9","hash":"305d79ee836109957d49e74d57e9a01e6df31026"}
,"/Users/kim/Google Drive/Hack Reactor/3. Juniors/Repos/project-catwalk/client/src/components/review/StarsReviewForm.jsx": {"path":"/Users/kim/Google Drive/Hack Reactor/3. Juniors/Repos/project-catwalk/client/src/components/review/StarsReviewForm.jsx","statementMap":{"0":{"start":{"line":6,"column":24},"end":{"line":26,"column":1}},"1":{"start":{"line":7,"column":23},"end":{"line":9,"column":3}},"2":{"start":{"line":8,"column":4},"end":{"line":8,"column":31}},"3":{"start":{"line":11,"column":2},"end":{"line":25,"column":4}}},"fnMap":{"0":{"name":"(anonymous_0)","decl":{"start":{"line":6,"column":24},"end":{"line":6,"column":25}},"loc":{"start":{"line":6,"column":35},"end":{"line":26,"column":1}},"line":6},"1":{"name":"(anonymous_1)","decl":{"start":{"line":7,"column":23},"end":{"line":7,"column":24}},"loc":{"start":{"line":7,"column":38},"end":{"line":9,"column":3}},"line":7}},"branchMap":{},"s":{"0":1,"1":0,"2":0,"3":0},"f":{"0":0,"1":0},"b":{},"_coverageSchema":"1a1c01bbd47fc00a2c39e90264f33305004495a9","hash":"36e302e8abf682bcf0a3ebe5d7c0afd300f92763"}
,"/Users/kim/Google Drive/Hack Reactor/3. Juniors/Repos/project-catwalk/client/src/contexts/api.context.jsx": {"path":"/Users/kim/Google Drive/Hack Reactor/3. Juniors/Repos/project-catwalk/client/src/contexts/api.context.jsx","statementMap":{"0":{"start":{"line":9,"column":26},"end":{"line":9,"column":41}},"1":{"start":{"line":11,"column":27},"end":{"line":132,"column":1}},"2":{"start":{"line":13,"column":26},"end":{"line":13,"column":37}},"3":{"start":{"line":14,"column":28},"end":{"line":14,"column":41}},"4":{"start":{"line":15,"column":26},"end":{"line":15,"column":45}},"5":{"start":{"line":16,"column":36},"end":{"line":16,"column":51}},"6":{"start":{"line":17,"column":40},"end":{"line":17,"column":63}},"7":{"start":{"line":18,"column":38},"end":{"line":18,"column":54}},"8":{"start":{"line":19,"column":34},"end":{"line":19,"column":50}},"9":{"start":{"line":20,"column":34},"end":{"line":20,"column":51}},"10":{"start":{"line":23,"column":23},"end":{"line":23,"column":38}},"11":{"start":{"line":24,"column":24},"end":{"line":24,"column":41}},"12":{"start":{"line":25,"column":23},"end":{"line":25,"column":38}},"13":{"start":{"line":26,"column":28},"end":{"line":26,"column":54}},"14":{"start":{"line":29,"column":14},"end":{"line":73,"column":3}},"15":{"start":{"line":76,"column":21},"end":{"line":90,"column":3}},"16":{"start":{"line":77,"column":4},"end":{"line":89,"column":9}},"17":{"start":{"line":83,"column":8},"end":{"line":83,"column":44}},"18":{"start":{"line":84,"column":8},"end":{"line":84,"column":35}},"19":{"start":{"line":85,"column":8},"end":{"line":85,"column":32}},"20":{"start":{"line":88,"column":8},"end":{"line":88,"column":46}},"21":{"start":{"line":92,"column":21},"end":{"line":106,"column":3}},"22":{"start":{"line":93,"column":4},"end":{"line":105,"column":9}},"23":{"start":{"line":99,"column":8},"end":{"line":99,"column":44}},"24":{"start":{"line":100,"column":8},"end":{"line":100,"column":53}},"25":{"start":{"line":101,"column":8},"end":{"line":101,"column":56}},"26":{"start":{"line":104,"column":8},"end":{"line":104,"column":46}},"27":{"start":{"line":108,"column":22},"end":{"line":122,"column":3}},"28":{"start":{"line":109,"column":4},"end":{"line":121,"column":9}},"29":{"start":{"line":116,"column":8},"end":{"line":116,"column":44}},"30":{"start":{"line":117,"column":8},"end":{"line":117,"column":35}},"31":{"start":{"line":120,"column":8},"end":{"line":120,"column":46}},"32":{"start":{"line":124,"column":2},"end":{"line":131,"column":4}}},"fnMap":{"0":{"name":"(anonymous_0)","decl":{"start":{"line":11,"column":27},"end":{"line":11,"column":28}},"loc":{"start":{"line":11,"column":38},"end":{"line":132,"column":1}},"line":11},"1":{"name":"(anonymous_1)","decl":{"start":{"line":76,"column":21},"end":{"line":76,"column":22}},"loc":{"start":{"line":76,"column":45},"end":{"line":90,"column":3}},"line":76},"2":{"name":"(anonymous_2)","decl":{"start":{"line":82,"column":12},"end":{"line":82,"column":13}},"loc":{"start":{"line":82,"column":26},"end":{"line":86,"column":7}},"line":82},"3":{"name":"(anonymous_3)","decl":{"start":{"line":87,"column":13},"end":{"line":87,"column":14}},"loc":{"start":{"line":87,"column":22},"end":{"line":89,"column":7}},"line":87},"4":{"name":"(anonymous_4)","decl":{"start":{"line":92,"column":21},"end":{"line":92,"column":22}},"loc":{"start":{"line":92,"column":35},"end":{"line":106,"column":3}},"line":92},"5":{"name":"(anonymous_5)","decl":{"start":{"line":98,"column":12},"end":{"line":98,"column":13}},"loc":{"start":{"line":98,"column":26},"end":{"line":102,"column":7}},"line":98},"6":{"name":"(anonymous_6)","decl":{"start":{"line":103,"column":13},"end":{"line":103,"column":14}},"loc":{"start":{"line":103,"column":22},"end":{"line":105,"column":7}},"line":103},"7":{"name":"(anonymous_7)","decl":{"start":{"line":108,"column":22},"end":{"line":108,"column":23}},"loc":{"start":{"line":108,"column":42},"end":{"line":122,"column":3}},"line":108},"8":{"name":"(anonymous_8)","decl":{"start":{"line":115,"column":12},"end":{"line":115,"column":13}},"loc":{"start":{"line":115,"column":26},"end":{"line":118,"column":7}},"line":115},"9":{"name":"(anonymous_9)","decl":{"start":{"line":119,"column":13},"end":{"line":119,"column":14}},"loc":{"start":{"line":119,"column":22},"end":{"line":121,"column":7}},"line":119}},"branchMap":{},"s":{"0":1,"1":1,"2":7,"3":7,"4":7,"5":7,"6":7,"7":7,"8":7,"9":7,"10":7,"11":7,"12":7,"13":7,"14":7,"15":7,"16":9,"17":0,"18":0,"19":0,"20":0,"21":7,"22":0,"23":0,"24":0,"25":0,"26":0,"27":7,"28":0,"29":0,"30":0,"31":0,"32":7},"f":{"0":7,"1":9,"2":0,"3":0,"4":0,"5":0,"6":0,"7":0,"8":0,"9":0},"b":{},"_coverageSchema":"1a1c01bbd47fc00a2c39e90264f33305004495a9","hash":"6ad63818a533b14c812d7c22ae014cb65e0250ef"}
,"/Users/kim/Google Drive/Hack Reactor/3. Juniors/Repos/project-catwalk/client/src/helpers/formatDate.js": {"path":"/Users/kim/Google Drive/Hack Reactor/3. Juniors/Repos/project-catwalk/client/src/helpers/formatDate.js","statementMap":{"0":{"start":{"line":1,"column":19},"end":{"line":14,"column":1}},"1":{"start":{"line":2,"column":18},"end":{"line":2,"column":20}},"2":{"start":{"line":3,"column":15},"end":{"line":3,"column":37}},"3":{"start":{"line":4,"column":16},"end":{"line":4,"column":38}},"4":{"start":{"line":5,"column":14},"end":{"line":5,"column":37}},"5":{"start":{"line":7,"column":21},"end":{"line":7,"column":143}},"6":{"start":{"line":8,"column":22},"end":{"line":8,"column":35}},"7":{"start":{"line":9,"column":22},"end":{"line":9,"column":49}},"8":{"start":{"line":11,"column":2},"end":{"line":11,"column":66}},"9":{"start":{"line":13,"column":2},"end":{"line":13,"column":19}}},"fnMap":{"0":{"name":"(anonymous_0)","decl":{"start":{"line":1,"column":19},"end":{"line":1,"column":20}},"loc":{"start":{"line":1,"column":31},"end":{"line":14,"column":1}},"line":1}},"branchMap":{},"s":{"0":1,"1":0,"2":0,"3":0,"4":0,"5":0,"6":0,"7":0,"8":0,"9":0},"f":{"0":0},"b":{},"_coverageSchema":"1a1c01bbd47fc00a2c39e90264f33305004495a9","hash":"c8fada95f621448a9cce958fe840ca3567357850"}
,"/Users/kim/Google Drive/Hack Reactor/3. Juniors/Repos/project-catwalk/client/src/helpers/getNumOfReviews.js": {"path":"/Users/kim/Google Drive/Hack Reactor/3. Juniors/Repos/project-catwalk/client/src/helpers/getNumOfReviews.js","statementMap":{"0":{"start":{"line":1,"column":24},"end":{"line":10,"column":1}},"1":{"start":{"line":2,"column":21},"end":{"line":2,"column":22}},"2":{"start":{"line":4,"column":17},"end":{"line":4,"column":48}},"3":{"start":{"line":5,"column":2},"end":{"line":7,"column":5}},"4":{"start":{"line":6,"column":4},"end":{"line":6,"column":32}},"5":{"start":{"line":9,"column":2},"end":{"line":9,"column":22}}},"fnMap":{"0":{"name":"(anonymous_0)","decl":{"start":{"line":1,"column":24},"end":{"line":1,"column":25}},"loc":{"start":{"line":1,"column":38},"end":{"line":10,"column":1}},"line":1},"1":{"name":"(anonymous_1)","decl":{"start":{"line":5,"column":17},"end":{"line":5,"column":18}},"loc":{"start":{"line":5,"column":26},"end":{"line":7,"column":3}},"line":5}},"branchMap":{},"s":{"0":1,"1":0,"2":0,"3":0,"4":0,"5":0},"f":{"0":0,"1":0},"b":{},"_coverageSchema":"1a1c01bbd47fc00a2c39e90264f33305004495a9","hash":"1b75e86f32124b112993f885ec6131d7254913e1"}
,"/Users/kim/Google Drive/Hack Reactor/3. Juniors/Repos/project-catwalk/client/src/helpers/getReviewsAvg.js": {"path":"/Users/kim/Google Drive/Hack Reactor/3. Juniors/Repos/project-catwalk/client/src/helpers/getReviewsAvg.js","statementMap":{"0":{"start":{"line":5,"column":22},"end":{"line":16,"column":1}},"1":{"start":{"line":6,"column":12},"end":{"line":6,"column":13}},"2":{"start":{"line":7,"column":21},"end":{"line":7,"column":22}},"3":{"start":{"line":9,"column":2},"end":{"line":13,"column":3}},"4":{"start":{"line":10,"column":18},"end":{"line":10,"column":47}},"5":{"start":{"line":11,"column":4},"end":{"line":11,"column":23}},"6":{"start":{"line":12,"column":4},"end":{"line":12,"column":26}},"7":{"start":{"line":15,"column":2},"end":{"line":15,"column":58}}},"fnMap":{"0":{"name":"(anonymous_0)","decl":{"start":{"line":5,"column":22},"end":{"line":5,"column":23}},"loc":{"start":{"line":5,"column":36},"end":{"line":16,"column":1}},"line":5}},"branchMap":{},"s":{"0":1,"1":2,"2":2,"3":2,"4":12,"5":12,"6":12,"7":2},"f":{"0":2},"b":{},"_coverageSchema":"1a1c01bbd47fc00a2c39e90264f33305004495a9","hash":"0fe2ebdb1c3cc3064157ee9dc69b0d07079e35d1"}
}
